TN:
SF:src/addons.js
FN:25,fetchCommunityAddons
FN:43,enrichCommunityAddonSourceUrls
FN:65,normalizeCommunityAddonsIndex
FN:80,listInstalledAddons
FN:131,installCommunityAddon
FN:218,setInstalledAddonEnabled
FN:250,removeInstalledAddon
FN:261,installedAddonContentPath
FN:273,assertInstalledAddonPermission
FN:288,normalizeCommunityAddonManifest
FN:311,normalizeAddonManifest
FN:336,validateZipEntries
FN:344,normalizeCommunityAddonSummary
FN:369,communityAddonProvenance
FN:383,normalizeAddonProvenance
FN:399,syncInstalledAddonLifecycle
FN:426,normalizeAddonPermissions
FN:441,normalizeAddonPermission
FN:448,requireApprovedPermissions
FN:454,assertCommunityAddonInstallable
FN:461,assertInstalledAddonRunnable
FN:466,normalizeAddonLifecycle
FN:472,formatLifecycleLabel
FN:476,approvedPermissionsForState
FN:481,stringField
FN:489,httpsUrl
FN:501,sha256Field
FN:507,normalizeAddonId
FN:513,safeAddonRelativePath
FN:524,downloadAddonArchive
FN:535,addonsRoot
FN:539,addonsInstalledRoot
FN:543,addonStatePath
FN:547,readAddonState
FN:556,writeAddonState
FN:562,setAddonEnabled
FN:568,setAddonState
FN:574,runCommand
FNF:38
FNH:32
FNDA:2,fetchCommunityAddons
FNDA:2,enrichCommunityAddonSourceUrls
FNDA:7,normalizeCommunityAddonsIndex
FNDA:5,listInstalledAddons
FNDA:0,installCommunityAddon
FNDA:4,setInstalledAddonEnabled
FNDA:1,removeInstalledAddon
FNDA:3,installedAddonContentPath
FNDA:2,assertInstalledAddonPermission
FNDA:4,normalizeCommunityAddonManifest
FNDA:12,normalizeAddonManifest
FNDA:3,validateZipEntries
FNDA:6,normalizeCommunityAddonSummary
FNDA:2,communityAddonProvenance
FNDA:12,normalizeAddonProvenance
FNDA:2,syncInstalledAddonLifecycle
FNDA:31,normalizeAddonPermissions
FNDA:28,normalizeAddonPermission
FNDA:2,requireApprovedPermissions
FNDA:0,assertCommunityAddonInstallable
FNDA:6,assertInstalledAddonRunnable
FNDA:16,normalizeAddonLifecycle
FNDA:0,formatLifecycleLabel
FNDA:8,approvedPermissionsForState
FNDA:259,stringField
FNDA:41,httpsUrl
FNDA:11,sha256Field
FNDA:10,normalizeAddonId
FNDA:18,safeAddonRelativePath
FNDA:0,downloadAddonArchive
FNDA:40,addonsRoot
FNDA:16,addonsInstalledRoot
FNDA:24,addonStatePath
FNDA:19,readAddonState
FNDA:5,writeAddonState
FNDA:2,setAddonEnabled
FNDA:0,setAddonState
FNDA:0,runCommand
DA:1,1
DA:2,1
DA:3,1
DA:4,1
DA:5,1
DA:6,1
DA:7,1
DA:8,1
DA:9,1
DA:10,1
DA:11,1
DA:12,1
DA:13,1
DA:14,1
DA:15,1
DA:16,1
DA:17,1
DA:18,1
DA:19,1
DA:20,1
DA:21,1
DA:22,1
DA:23,1
DA:24,1
DA:25,1
DA:26,2
DA:27,2
DA:28,2
DA:29,2
DA:30,2
DA:31,2
DA:32,2
DA:33,2
DA:34,2
DA:35,2
DA:36,2
DA:37,2
DA:38,2
DA:39,2
DA:40,2
DA:41,2
DA:42,1
DA:43,2
DA:44,2
DA:45,2
DA:46,2
DA:47,2
DA:48,2
DA:49,2
DA:50,2
DA:51,2
DA:52,2
DA:53,2
DA:54,2
DA:55,2
DA:56,2
DA:57,2
DA:58,2
DA:59,0
DA:60,0
DA:61,2
DA:62,2
DA:63,2
DA:64,1
DA:65,1
DA:66,7
DA:67,7
DA:68,7
DA:69,7
DA:70,6
DA:71,6
DA:72,6
DA:73,6
DA:74,6
DA:75,6
DA:76,6
DA:77,6
DA:78,7
DA:79,1
DA:80,1
DA:81,5
DA:82,5
DA:83,5
DA:84,5
DA:85,5
DA:86,5
DA:87,4
DA:88,4
DA:89,4
DA:90,4
DA:91,4
DA:92,4
DA:93,4
DA:94,4
DA:95,4
DA:96,4
DA:97,4
DA:98,4
DA:99,4
DA:100,4
DA:101,4
DA:102,4
DA:103,4
DA:104,4
DA:105,4
DA:106,4
DA:107,4
DA:108,4
DA:109,4
DA:110,4
DA:111,0
DA:112,0
DA:113,0
DA:114,0
DA:115,0
DA:116,0
DA:117,0
DA:118,0
DA:119,0
DA:120,0
DA:121,0
DA:122,0
DA:123,0
DA:124,0
DA:125,0
DA:126,5
DA:127,5
DA:128,5
DA:129,5
DA:130,1
DA:131,1
DA:132,0
DA:133,0
DA:134,0
DA:135,0
DA:136,0
DA:137,0
DA:138,0
DA:139,0
DA:140,0
DA:141,0
DA:142,0
DA:143,0
DA:144,0
DA:145,0
DA:146,0
DA:147,0
DA:148,0
DA:149,0
DA:150,0
DA:151,0
DA:152,0
DA:153,0
DA:154,0
DA:155,0
DA:156,0
DA:157,0
DA:158,0
DA:159,0
DA:160,0
DA:161,0
DA:162,0
DA:163,0
DA:164,0
DA:165,0
DA:166,0
DA:167,0
DA:168,0
DA:169,0
DA:170,0
DA:171,0
DA:172,0
DA:173,0
DA:174,0
DA:175,0
DA:176,0
DA:177,0
DA:178,0
DA:179,0
DA:180,0
DA:181,0
DA:182,0
DA:183,0
DA:184,0
DA:185,0
DA:186,0
DA:187,0
DA:188,0
DA:189,0
DA:190,0
DA:191,0
DA:192,0
DA:193,0
DA:194,0
DA:195,0
DA:196,0
DA:197,0
DA:198,0
DA:199,0
DA:200,0
DA:201,0
DA:202,0
DA:203,0
DA:204,0
DA:205,0
DA:206,0
DA:207,0
DA:208,0
DA:209,0
DA:210,0
DA:211,0
DA:212,0
DA:213,0
DA:214,0
DA:215,0
DA:216,0
DA:217,1
DA:218,1
DA:219,4
DA:220,4
DA:221,4
DA:222,4
DA:223,4
DA:224,4
DA:225,3
DA:226,4
DA:227,2
DA:228,2
DA:229,2
DA:230,2
DA:231,2
DA:232,2
DA:233,2
DA:234,2
DA:235,2
DA:236,2
DA:237,4
DA:238,4
DA:239,4
DA:240,4
DA:241,4
DA:242,4
DA:243,4
DA:244,4
DA:245,4
DA:246,4
DA:247,4
DA:248,4
DA:249,1
DA:250,1
DA:251,1
DA:252,1
DA:253,1
DA:254,1
DA:255,1
DA:256,1
DA:257,1
DA:258,1
DA:259,1
DA:260,1
DA:261,1
DA:262,3
DA:263,3
DA:264,3
DA:265,2
DA:266,2
DA:267,2
DA:268,2
DA:269,3
DA:270,1
DA:271,3
DA:272,1
DA:273,1
DA:274,2
DA:275,2
DA:276,2
DA:277,2
DA:278,2
DA:279,2
DA:280,2
DA:281,1
DA:282,2
DA:283,1
DA:284,2
DA:285,1
DA:286,2
DA:287,1
DA:288,1
DA:289,4
DA:290,4
DA:291,4
DA:292,4
DA:293,4
DA:294,4
DA:295,4
DA:296,4
DA:297,4
DA:298,4
DA:299,4
DA:300,4
DA:301,4
DA:302,4
DA:303,4
DA:304,4
DA:305,4
DA:306,4
DA:307,4
DA:308,4
DA:309,4
DA:310,1
DA:311,1
DA:312,12
DA:313,12
DA:314,12
DA:315,12
DA:316,12
DA:317,12
DA:318,12
DA:319,12
DA:320,12
DA:321,12
DA:322,12
DA:323,12
DA:324,12
DA:325,12
DA:326,12
DA:327,12
DA:328,12
DA:329,12
DA:330,12
DA:331,12
DA:332,12
DA:333,12
DA:334,12
DA:335,1
DA:336,1
DA:337,3
DA:338,3
DA:339,5
DA:340,5
DA:341,1
DA:342,3
DA:343,1
DA:344,6
DA:345,6
DA:346,6
DA:347,6
DA:348,6
DA:349,5
DA:350,5
DA:351,5
DA:352,5
DA:353,5
DA:354,5
DA:355,5
DA:356,6
DA:357,6
DA:358,6
DA:359,6
DA:360,6
DA:361,6
DA:362,6
DA:363,6
DA:364,6
DA:365,6
DA:366,6
DA:367,6
DA:368,1
DA:369,2
DA:370,2
DA:371,2
DA:372,2
DA:373,2
DA:374,2
DA:375,2
DA:376,2
DA:377,2
DA:378,2
DA:379,2
DA:380,2
DA:381,2
DA:382,1
DA:383,1
DA:384,12
DA:385,12
DA:386,12
DA:387,12
DA:388,12
DA:389,12
DA:390,12
DA:391,12
DA:392,12
DA:393,12
DA:394,12
DA:395,12
DA:396,12
DA:397,12
DA:398,1
DA:399,1
DA:400,2
DA:401,2
DA:402,2
DA:403,2
DA:404,2
DA:405,2
DA:406,2
DA:407,2
DA:408,2
DA:409,2
DA:410,2
DA:411,2
DA:412,2
DA:413,2
DA:414,2
DA:415,2
DA:416,2
DA:417,2
DA:418,1
DA:419,1
DA:420,1
DA:421,2
DA:422,2
DA:423,2
DA:424,2
DA:425,1
DA:426,1
DA:427,31
DA:428,31
DA:429,28
DA:430,31
DA:431,3
DA:432,5
DA:433,5
DA:434,4
DA:435,3
DA:436,0
DA:437,0
DA:438,30
DA:439,31
DA:440,1
DA:441,28
DA:442,28
DA:443,28
DA:444,28
DA:445,27
DA:446,28
DA:447,1
DA:448,2
DA:449,2
DA:450,2
DA:451,2
DA:452,2
DA:453,1
DA:454,0
DA:455,0
DA:456,0
DA:457,0
DA:458,0
DA:459,0
DA:460,1
DA:461,6
DA:462,6
DA:463,6
DA:464,6
DA:465,1
DA:466,16
DA:467,16
DA:468,16
DA:469,15
DA:470,16
DA:471,1
DA:472,0
DA:473,0
DA:474,0
DA:475,1
DA:476,8
DA:477,8
DA:478,8
DA:479,8
DA:480,1
DA:481,259
DA:482,259
DA:483,259
DA:484,259
DA:485,259
DA:486,202
DA:487,259
DA:488,1
DA:489,41
DA:490,41
DA:491,41
DA:492,41
DA:493,41
DA:494,41
DA:495,0
DA:496,0
DA:497,41
DA:498,39
DA:499,41
DA:500,1
DA:501,11
DA:502,11
DA:503,11
DA:504,9
DA:505,11
DA:506,1
DA:507,10
DA:508,10
DA:509,10
DA:510,10
DA:511,10
DA:512,1
DA:513,18
DA:514,18
DA:515,18
DA:516,18
DA:517,18
DA:518,18
DA:519,18
DA:520,18
DA:521,15
DA:522,18
DA:523,1
DA:524,0
DA:525,0
DA:526,0
DA:527,0
DA:528,0
DA:529,0
DA:530,0
DA:531,0
DA:532,0
DA:533,0
DA:534,1
DA:535,40
DA:536,40
DA:537,40
DA:538,1
DA:539,16
DA:540,16
DA:541,16
DA:542,1
DA:543,24
DA:544,24
DA:545,24
DA:546,1
DA:547,19
DA:548,19
DA:549,19
DA:550,19
DA:551,19
DA:552,3
DA:553,3
DA:554,19
DA:555,1
DA:556,5
DA:557,5
DA:558,5
DA:559,5
DA:560,5
DA:561,1
DA:562,2
DA:563,2
DA:564,2
DA:565,2
DA:566,2
DA:567,1
DA:568,0
DA:569,0
DA:570,0
DA:571,0
DA:572,0
DA:573,1
DA:574,0
DA:575,0
DA:576,0
DA:577,0
DA:578,0
DA:579,0
DA:580,0
DA:581,0
DA:582,0
DA:583,0
DA:584,0
DA:585,0
DA:586,0
DA:587,0
DA:588,0
DA:589,0
DA:590,0
DA:591,0
LF:591
LH:443
BRDA:1,0,0,1
BRDA:25,1,0,2
BRDA:26,2,0,0
BRDA:34,3,0,0
BRDA:43,4,0,2
BRDA:44,5,0,2
BRDA:45,6,0,1
BRDA:45,7,0,0
BRDA:48,8,0,0
BRDA:57,9,0,0
BRDA:58,10,0,0
BRDA:65,11,0,7
BRDA:66,12,0,0
BRDA:67,13,0,1
BRDA:68,14,0,6
BRDA:68,15,0,0
BRDA:69,16,0,6
BRDA:69,17,0,0
BRDA:70,18,0,6
BRDA:71,19,0,6
BRDA:80,20,0,5
BRDA:83,21,0,0
BRDA:85,22,0,4
BRDA:86,23,0,4
BRDA:89,24,0,1
BRDA:92,25,0,2
BRDA:100,26,0,1
BRDA:100,27,0,3
BRDA:104,28,0,1
BRDA:104,29,0,3
BRDA:110,30,0,0
BRDA:218,31,0,4
BRDA:221,32,0,0
BRDA:223,33,0,1
BRDA:224,34,0,3
BRDA:226,35,0,2
BRDA:237,36,0,1
BRDA:237,37,0,1
BRDA:239,38,0,2
BRDA:241,39,0,0
BRDA:241,40,0,2
BRDA:250,41,0,1
BRDA:253,42,0,0
BRDA:261,43,0,3
BRDA:264,44,0,1
BRDA:265,45,0,2
BRDA:269,46,0,1
BRDA:269,47,0,1
BRDA:269,48,0,0
BRDA:270,49,0,1
BRDA:273,50,0,2
BRDA:277,51,0,0
BRDA:279,52,0,0
BRDA:280,53,0,1
BRDA:282,54,0,0
BRDA:283,55,0,1
BRDA:284,56,0,0
BRDA:285,57,0,1
BRDA:288,58,0,4
BRDA:289,59,0,0
BRDA:290,60,0,0
BRDA:292,61,0,0
BRDA:294,62,0,0
BRDA:295,63,0,1
BRDA:311,64,0,12
BRDA:312,65,0,0
BRDA:313,66,0,0
BRDA:315,67,0,0
BRDA:317,68,0,1
BRDA:318,69,0,11
BRDA:318,70,0,11
BRDA:318,71,0,11
BRDA:318,72,0,0
BRDA:319,73,0,1
BRDA:336,74,0,3
BRDA:337,75,0,1
BRDA:338,76,0,2
BRDA:338,77,0,5
BRDA:341,78,0,1
BRDA:344,79,0,6
BRDA:345,80,0,0
BRDA:347,81,0,1
BRDA:348,82,0,5
BRDA:348,83,0,0
BRDA:349,84,0,5
BRDA:356,85,0,1
BRDA:356,86,0,4
BRDA:358,87,0,2
BRDA:359,88,0,2
BRDA:360,89,0,1
BRDA:360,90,0,2
BRDA:361,91,0,3
BRDA:365,92,0,0
BRDA:365,93,0,3
BRDA:369,94,0,2
BRDA:383,95,0,12
BRDA:384,96,0,7
BRDA:384,97,0,7
BRDA:385,98,0,7
BRDA:386,99,0,5
BRDA:388,100,0,7
BRDA:388,101,0,5
BRDA:389,102,0,6
BRDA:389,103,0,5
BRDA:390,104,0,6
BRDA:390,105,0,5
BRDA:391,106,0,6
BRDA:391,107,0,5
BRDA:392,108,0,6
BRDA:392,109,0,5
BRDA:393,110,0,7
BRDA:393,111,0,4
BRDA:394,112,0,4
BRDA:394,113,0,6
BRDA:396,114,0,70
BRDA:399,115,0,2
BRDA:400,116,0,0
BRDA:402,117,0,0
BRDA:407,118,0,0
BRDA:409,119,0,1
BRDA:409,120,0,1
BRDA:410,121,0,1
BRDA:410,122,0,1
BRDA:411,123,0,1
BRDA:411,124,0,1
BRDA:412,125,0,1
BRDA:413,126,0,0
BRDA:413,127,0,0
BRDA:417,128,0,1
BRDA:417,129,0,1
BRDA:403,130,0,1
BRDA:426,131,0,31
BRDA:428,132,0,28
BRDA:430,133,0,3
BRDA:431,134,0,5
BRDA:432,135,0,1
BRDA:433,136,0,4
BRDA:434,137,0,4
BRDA:435,138,0,2
BRDA:435,139,0,0
BRDA:438,140,0,30
BRDA:438,141,0,26
BRDA:441,142,0,28
BRDA:443,143,0,0
BRDA:444,144,0,1
BRDA:445,145,0,27
BRDA:448,146,0,2
BRDA:451,147,0,1
BRDA:450,148,0,2
BRDA:461,149,0,6
BRDA:462,150,0,5
BRDA:463,151,0,1
BRDA:466,152,0,16
BRDA:467,153,0,0
BRDA:468,154,0,1
BRDA:469,155,0,15
BRDA:476,156,0,8
BRDA:477,157,0,5
BRDA:478,158,0,3
BRDA:478,159,0,0
BRDA:478,160,0,3
BRDA:481,161,0,259
BRDA:482,162,0,57
BRDA:483,163,0,57
BRDA:483,164,0,57
BRDA:484,165,0,202
BRDA:484,166,0,0
BRDA:485,167,0,202
BRDA:485,168,0,0
BRDA:486,169,0,202
BRDA:489,170,0,41
BRDA:494,171,0,0
BRDA:497,172,0,2
BRDA:498,173,0,39
BRDA:501,174,0,11
BRDA:503,175,0,2
BRDA:504,176,0,9
BRDA:507,177,0,10
BRDA:509,178,0,0
BRDA:513,179,0,18
BRDA:516,180,0,0
BRDA:518,181,0,3
BRDA:519,182,0,15
BRDA:519,183,0,0
BRDA:520,184,0,15
BRDA:520,185,0,0
BRDA:521,186,0,15
BRDA:518,187,0,31
BRDA:519,188,0,28
BRDA:535,189,0,40
BRDA:539,190,0,16
BRDA:543,191,0,24
BRDA:547,192,0,19
BRDA:550,193,0,16
BRDA:550,194,0,16
BRDA:550,195,0,16
BRDA:550,196,0,0
BRDA:551,197,0,3
BRDA:556,198,0,5
BRDA:562,199,0,2
BRDA:564,200,0,0
BRF:201
BRH:153
end_of_record
TN:
SF:src/adminCatalog.js
FN:4,resolveCatalogItem
FN:29,listCatalogItems
FN:44,itemRequiresDatabaseGrant
FN:57,normalizeItem
FN:71,itemImagePath
FNF:5
FNH:5
FNDA:21,resolveCatalogItem
FNDA:1,listCatalogItems
FNDA:9,itemRequiresDatabaseGrant
FNDA:17,normalizeItem
FNDA:17,itemImagePath
DA:1,5
DA:2,5
DA:3,5
DA:4,5
DA:5,21
DA:6,21
DA:7,21
DA:8,21
DA:9,21
DA:10,21
DA:11,5
DA:12,5
DA:13,5
DA:14,16
DA:15,16
DA:16,16
DA:17,17
DA:18,17
DA:19,0
DA:20,0
DA:21,0
DA:22,0
DA:23,5
DA:24,5
DA:25,17
DA:26,5
DA:27,21
DA:28,5
DA:29,5
DA:30,1
DA:31,1
DA:32,1
DA:33,1
DA:34,1
DA:35,4
DA:36,4
DA:37,4
DA:38,4
DA:39,1
DA:40,1
DA:41,1
DA:42,1
DA:43,5
DA:44,5
DA:45,9
DA:46,9
DA:47,9
DA:48,9
DA:49,9
DA:50,9
DA:51,9
DA:52,9
DA:53,9
DA:54,9
DA:55,9
DA:56,5
DA:57,17
DA:58,17
DA:59,17
DA:60,17
DA:61,17
DA:62,17
DA:63,17
DA:64,17
DA:65,17
DA:66,17
DA:67,17
DA:68,17
DA:69,17
DA:70,5
DA:71,17
DA:72,17
DA:73,17
DA:74,17
DA:75,17
DA:76,17
DA:77,17
LF:77
LH:73
BRDA:1,0,0,5
BRDA:4,1,0,21
BRDA:5,2,0,16
BRDA:5,3,0,0
BRDA:6,4,0,0
BRDA:9,5,0,5
BRDA:9,6,0,16
BRDA:10,7,0,5
BRDA:12,8,0,1
BRDA:14,9,0,17
BRDA:14,10,0,16
BRDA:17,11,0,11
BRDA:18,12,0,5
BRDA:18,13,0,0
BRDA:23,14,0,5
BRDA:25,15,0,0
BRDA:26,16,0,5
BRDA:11,17,0,20
BRDA:11,18,0,0
BRDA:16,19,0,54
BRDA:16,20,0,0
BRDA:24,21,0,17
BRDA:24,22,0,0
BRDA:29,23,0,1
BRDA:31,24,0,0
BRDA:32,25,0,0
BRDA:34,26,0,4
BRDA:35,27,0,0
BRDA:36,28,0,0
BRDA:36,29,0,3
BRDA:37,30,0,0
BRDA:37,31,0,3
BRDA:38,32,0,0
BRDA:41,33,0,1
BRDA:44,34,0,9
BRDA:45,35,0,0
BRDA:45,36,0,0
BRDA:46,37,0,0
BRDA:47,38,0,0
BRDA:48,39,0,6
BRDA:49,40,0,6
BRDA:50,41,0,5
BRDA:51,42,0,3
BRDA:52,43,0,2
BRDA:53,44,0,2
BRDA:57,45,0,17
BRDA:58,46,0,0
BRDA:59,47,0,0
BRDA:64,48,0,0
BRDA:65,49,0,0
BRDA:66,50,0,6
BRDA:71,51,0,17
BRDA:72,52,0,0
BRDA:76,53,0,0
BRF:54
BRH:31
end_of_record
TN:
SF:src/audit.js
FN:5,audit
FN:18,recordAdminHistory
FN:33,safeColumn
FNF:3
FNH:3
FNDA:10,audit
FNDA:1,recordAdminHistory
FNDA:5,safeColumn
DA:1,2
DA:2,2
DA:3,2
DA:4,2
DA:5,2
DA:6,10
DA:7,10
DA:8,10
DA:9,10
DA:10,10
DA:11,10
DA:12,10
DA:13,10
DA:14,10
DA:15,10
DA:16,10
DA:17,2
DA:18,2
DA:19,1
DA:20,1
DA:21,1
DA:22,1
DA:23,1
DA:24,1
DA:25,1
DA:26,1
DA:27,1
DA:28,1
DA:29,1
DA:30,1
DA:31,1
DA:32,2
DA:33,5
DA:34,5
DA:35,5
LF:35
LH:35
BRDA:1,0,0,2
BRDA:5,1,0,10
BRDA:10,2,0,1
BRDA:11,3,0,1
BRDA:12,4,0,1
BRDA:18,5,0,1
BRDA:20,6,0,0
BRDA:28,7,0,0
BRDA:33,8,0,5
BRDA:34,9,0,0
BRF:10
BRH:7
end_of_record
TN:
SF:src/auth.js
FN:12,withSecurityHeaders
FN:16,parseCookies
FN:26,createAuth
FN:27,sign
FN:31,makeSession
FN:39,readSession
FN:54,passwordMatches
FN:60,requireAuth
FN:79,setSessionCookie
FN:84,clearSessionCookie
FN:89,json
FNF:11
FNH:11
FNDA:2,withSecurityHeaders
FNDA:3,parseCookies
FNDA:3,createAuth
FNDA:6,sign
FNDA:3,makeSession
FNDA:3,readSession
FNDA:2,passwordMatches
FNDA:2,requireAuth
FNDA:1,setSessionCookie
FNDA:1,clearSessionCookie
FNDA:2,json
DA:1,1
DA:2,1
DA:3,1
DA:4,1
DA:5,1
DA:6,1
DA:7,1
DA:8,1
DA:9,1
DA:10,1
DA:11,1
DA:12,1
DA:13,2
DA:14,2
DA:15,1
DA:16,1
DA:17,3
DA:18,3
DA:19,3
DA:20,3
DA:21,3
DA:22,3
DA:23,3
DA:24,3
DA:25,1
DA:26,1
DA:27,3
DA:28,6
DA:29,6
DA:30,3
DA:31,3
DA:32,3
DA:33,3
DA:34,3
DA:35,3
DA:36,3
DA:37,3
DA:38,3
DA:39,3
DA:40,3
DA:41,3
DA:42,3
DA:43,3
DA:44,3
DA:45,3
DA:46,3
DA:47,0
DA:48,0
DA:49,0
DA:50,3
DA:51,3
DA:52,3
DA:53,3
DA:54,3
DA:55,2
DA:56,2
DA:57,2
DA:58,2
DA:59,3
DA:60,3
DA:61,2
DA:62,2
DA:63,0
DA:64,0
DA:65,0
DA:66,2
DA:67,2
DA:68,2
DA:69,1
DA:70,1
DA:71,1
DA:72,2
DA:73,1
DA:74,2
DA:75,3
DA:76,3
DA:77,3
DA:78,1
DA:79,1
DA:80,1
DA:81,1
DA:82,1
DA:83,1
DA:84,1
DA:85,1
DA:86,1
DA:87,1
DA:88,1
DA:89,1
DA:90,2
DA:91,2
DA:92,2
LF:92
LH:86
BRDA:1,0,0,1
BRDA:12,1,0,2
BRDA:16,2,0,3
BRDA:20,3,0,0
BRDA:26,4,0,3
BRDA:27,5,0,6
BRDA:31,6,0,3
BRDA:39,7,0,3
BRDA:40,8,0,0
BRDA:41,9,0,0
BRDA:42,10,0,0
BRDA:44,11,0,0
BRDA:46,12,0,0
BRDA:54,13,0,2
BRDA:55,14,0,0
BRDA:60,15,0,2
BRDA:62,16,0,0
BRDA:66,17,0,0
BRDA:68,18,0,1
BRDA:73,19,0,1
BRDA:79,20,0,1
BRDA:80,21,0,0
BRDA:84,22,0,1
BRDA:85,23,0,0
BRDA:89,24,0,2
BRF:25
BRH:14
end_of_record
TN:
SF:src/blueprints.js
FN:47,isStructuralBuilding
FN:51,blueprintItemStatsJSON
FN:56,blueprintCapabilities
FN:62,tableExistsGeneric
FN:71,requireBlueprintCapability
FN:79,ensureOfflinePlayer
FN:91,resolveImportInstance
FN:98,resolveImportPlaceable
FN:104,insertBuildingInstances
FN:120,insertBuildingPlaceables
FN:136,insertBuildingPentashields
FN:149,importBlueprint
FN:221,exportBlueprint
FN:293,listBlueprints
FNF:14
FNH:14
FNDA:63,isStructuralBuilding
FNDA:24,blueprintItemStatsJSON
FNDA:21,blueprintCapabilities
FNDA:126,tableExistsGeneric
FNDA:18,requireBlueprintCapability
FNDA:14,ensureOfflinePlayer
FNDA:65,resolveImportInstance
FNDA:6,resolveImportPlaceable
FNDA:8,insertBuildingInstances
FNDA:4,insertBuildingPlaceables
FNDA:3,insertBuildingPentashields
FNDA:15,importBlueprint
FNDA:2,exportBlueprint
FNDA:1,listBlueprints
DA:1,1
DA:2,1
DA:3,1
DA:4,1
DA:5,1
DA:6,1
DA:7,1
DA:8,1
DA:9,1
DA:10,1
DA:11,1
DA:12,1
DA:13,1
DA:14,1
DA:15,1
DA:16,1
DA:17,1
DA:18,1
DA:19,1
DA:20,1
DA:21,1
DA:22,1
DA:23,1
DA:24,1
DA:25,1
DA:26,1
DA:27,1
DA:28,1
DA:29,1
DA:30,1
DA:31,1
DA:32,1
DA:33,1
DA:34,1
DA:35,1
DA:36,1
DA:37,1
DA:38,1
DA:39,1
DA:40,1
DA:41,1
DA:42,1
DA:43,1
DA:44,1
DA:45,1
DA:46,1
DA:47,63
DA:48,63
DA:49,63
DA:50,1
DA:51,24
DA:52,24
DA:53,24
DA:54,24
DA:55,1
DA:56,1
DA:57,21
DA:58,21
DA:59,21
DA:60,21
DA:61,1
DA:62,126
DA:63,126
DA:64,126
DA:65,126
DA:66,126
DA:67,0
DA:68,0
DA:69,126
DA:70,1
DA:71,18
DA:72,18
DA:73,1
DA:74,1
DA:75,1
DA:76,1
DA:77,18
DA:78,1
DA:79,14
DA:80,14
DA:81,14
DA:82,14
DA:83,14
DA:84,14
DA:85,14
DA:86,14
DA:87,0
DA:88,0
DA:89,14
DA:90,1
DA:91,65
DA:92,65
DA:93,65
DA:94,65
DA:95,65
DA:96,65
DA:97,1
DA:98,6
DA:99,6
DA:100,6
DA:101,6
DA:102,6
DA:103,1
DA:104,8
DA:105,8
DA:106,9
DA:107,9
DA:108,65
DA:109,65
DA:110,65
DA:111,65
DA:112,65
DA:113,65
DA:114,65
DA:115,65
DA:116,65
DA:117,9
DA:118,8
DA:119,1
DA:120,4
DA:121,4
DA:122,4
DA:123,4
DA:124,6
DA:125,6
DA:126,6
DA:127,6
DA:128,6
DA:129,6
DA:130,6
DA:131,6
DA:132,6
DA:133,4
DA:134,4
DA:135,1
DA:136,3
DA:137,3
DA:138,4
DA:139,4
DA:140,4
DA:141,4
DA:142,4
DA:143,4
DA:144,4
DA:145,4
DA:146,4
DA:147,3
DA:148,1
DA:149,1
DA:150,15
DA:151,15
DA:152,15
DA:153,15
DA:154,14
DA:155,14
DA:156,15
DA:157,1
DA:158,1
DA:159,15
DA:160,15
DA:161,15
DA:162,15
DA:163,1
DA:164,1
DA:165,12
DA:166,12
DA:167,12
DA:168,12
DA:169,12
DA:170,12
DA:171,12
DA:172,12
DA:173,12
DA:174,12
DA:175,12
DA:176,12
DA:177,12
DA:178,12
DA:179,12
DA:180,12
DA:181,12
DA:182,12
DA:183,12
DA:184,12
DA:185,12
DA:186,12
DA:187,12
DA:188,12
DA:189,12
DA:190,12
DA:191,12
DA:192,12
DA:193,12
DA:194,12
DA:195,12
DA:196,12
DA:197,12
DA:198,12
DA:199,12
DA:200,8
DA:201,8
DA:202,12
DA:203,4
DA:204,4
DA:205,12
DA:206,3
DA:207,3
DA:208,12
DA:209,12
DA:210,12
DA:211,12
DA:212,12
DA:213,12
DA:214,12
DA:215,12
DA:216,12
DA:217,12
DA:218,12
DA:219,15
DA:220,1
DA:221,1
DA:222,2
DA:223,2
DA:224,2
DA:225,2
DA:226,2
DA:227,2
DA:228,2
DA:229,2
DA:230,2
DA:231,2
DA:232,2
DA:233,2
DA:234,2
DA:235,2
DA:236,2
DA:237,2
DA:238,2
DA:239,2
DA:240,2
DA:241,2
DA:242,2
DA:243,2
DA:244,2
DA:245,2
DA:246,2
DA:247,2
DA:248,2
DA:249,2
DA:250,2
DA:251,2
DA:252,2
DA:253,2
DA:254,2
DA:255,2
DA:256,2
DA:257,2
DA:258,1
DA:259,1
DA:260,1
DA:261,1
DA:262,1
DA:263,1
DA:264,1
DA:265,1
DA:266,1
DA:267,1
DA:268,1
DA:269,2
DA:270,2
DA:271,2
DA:272,2
DA:273,2
DA:274,2
DA:275,2
DA:276,2
DA:277,2
DA:278,1
DA:279,1
DA:280,1
DA:281,1
DA:282,1
DA:283,2
DA:284,2
DA:285,2
DA:286,2
DA:287,2
DA:288,2
DA:289,2
DA:290,2
DA:291,2
DA:292,1
DA:293,1
DA:294,1
DA:295,1
DA:296,1
DA:297,1
DA:298,1
DA:299,1
DA:300,1
DA:301,1
DA:302,1
DA:303,1
DA:304,1
DA:305,1
DA:306,1
DA:307,1
DA:308,1
DA:309,1
DA:310,1
DA:311,1
DA:312,1
DA:313,1
DA:314,1
DA:315,1
DA:316,1
DA:317,1
LF:317
LH:313
BRDA:1,0,0,1
BRDA:47,1,0,63
BRDA:51,2,0,24
BRDA:52,3,0,8
BRDA:52,4,0,16
BRDA:56,5,0,21
BRDA:58,6,0,126
BRDA:62,7,0,126
BRDA:66,8,0,0
BRDA:71,9,0,18
BRDA:72,10,0,1
BRDA:79,11,0,14
BRDA:85,12,0,0
BRDA:86,13,0,0
BRDA:91,14,0,65
BRDA:93,15,0,0
BRDA:94,16,0,2
BRDA:94,17,0,63
BRDA:98,18,0,6
BRDA:99,19,0,5
BRDA:99,20,0,0
BRDA:99,21,0,5
BRDA:100,22,0,0
BRDA:104,23,0,8
BRDA:105,24,0,9
BRDA:107,25,0,65
BRDA:114,26,0,0
BRDA:120,27,0,4
BRDA:123,28,0,6
BRDA:130,29,0,0
BRDA:136,30,0,3
BRDA:137,31,0,4
BRDA:139,32,0,0
BRDA:144,33,0,0
BRDA:149,34,0,15
BRDA:154,35,0,14
BRDA:156,36,0,5
BRDA:156,37,0,3
BRDA:156,38,0,1
BRDA:159,39,0,13
BRDA:159,40,0,9
BRDA:160,41,0,5
BRDA:161,42,0,4
BRDA:162,43,0,5
BRDA:162,44,0,3
BRDA:162,45,0,1
BRDA:165,46,0,12
BRDA:166,47,0,12
BRDA:172,48,0,0
BRDA:179,49,0,0
BRDA:199,50,0,8
BRDA:199,51,0,8
BRDA:202,52,0,4
BRDA:202,53,0,4
BRDA:205,54,0,3
BRDA:205,55,0,3
BRDA:211,56,0,8
BRDA:211,57,0,4
BRDA:211,58,0,4
BRDA:211,59,0,8
BRDA:211,60,0,3
BRDA:211,61,0,9
BRDA:214,62,0,8
BRDA:214,63,0,4
BRDA:215,64,0,4
BRDA:215,65,0,8
BRDA:216,66,0,3
BRDA:216,67,0,9
BRDA:221,68,0,2
BRDA:230,69,0,1
BRDA:289,70,0,1
BRDA:289,71,0,1
BRDA:238,72,0,2
BRDA:239,73,0,0
BRDA:243,74,0,0
BRDA:244,75,0,0
BRDA:245,76,0,0
BRDA:246,77,0,0
BRDA:257,78,0,1
BRDA:258,79,0,0
BRDA:262,80,0,0
BRDA:263,81,0,0
BRDA:264,82,0,0
BRDA:265,83,0,0
BRDA:266,84,0,0
BRDA:267,85,0,0
BRDA:277,86,0,1
BRDA:278,87,0,0
BRDA:281,88,0,0
BRDA:281,89,0,0
BRDA:281,90,0,0
BRDA:293,91,0,1
BRF:92
BRH:64
end_of_record
TN:
SF:src/carePackage.js
FN:54,FirstOnlineAlreadyClaimedError
FN:62,carePackageCapabilities
FN:74,carePackageConfig
FN:78,saveCarePackageConfig
FN:84,enableCarePackage
FN:90,carePackageHistory
FN:102,readCarePackageGrantRows
FN:117,clearCarePackageHistory
FN:126,normalizeHistoryRow
FN:138,formatServerLocalTimestamp
FN:145,summarizeStoredRow
FN:155,carePackageEligiblePlayers
FN:170,grantEligibleCarePackages
FN:204,runCarePackageAutoScan
FN:255,grantCarePackage
FN:349,config.mockMode.templateId
FN:412,retryCarePackageGrant
FN:421,validateCarePackageConfig
FN:445,eligibilityForPlayer
FN:474,lastSeenReturnEligibility
FN:492,pendingReturnKey
FN:497,markPendingReturn
FN:514,clearPendingReturn
FN:521,grantMatchesPlayer
FN:534,hasSuccessfulFirstOnlineGrant
FN:538,isFirstOnlineGrantRow
FN:544,stableIdentityValues
FN:557,firstOnlineClaimKey
FN:561,firstOnlineClaimForPlayer
FN:572,firstOnlineClaimIdentity
FN:582,withFirstOnlineClaimLock
FN:598,firstOnlineClaimApplies
FN:606,reserveFirstOnlineClaim
FN:639,releaseFirstOnlineClaim
FN:650,firstOnlineIdentityKeys
FN:664,normalizePlayer
FN:678,hasSuccessfulGrant
FN:688,isSuccessfulGrant
FN:692,hasDeliveredCarePackageContent
FN:697,skippedGrant
FN:704,failedGrant
FN:711,summarizeGrantResults
FN:721,summarizeActionResults
FN:736,describeAction
FN:743,selectedKit
FN:748,validateCarePackages
FN:778,validKitId
FN:783,validateAutoGrantRules
FN:804,validateRuleId
FN:810,validateKitName
FN:816,validateKitId
FN:822,slugKitName
FN:826,validateCarePackageItem
FN:845,validateItemQuality
FN:851,validateSendMessage
FN:859,validatePlayerTarget
FN:865,resolveWelcomeWhisperRecipient
FN:874,ensureCarePackageServerPersona
FN:878,ensureMessageOfTheDayPersona
FN:882,ensureSyntheticWhisperPersona
FN:920,ensureSyntheticWhisperPersonaPlayerRows
FN:952,ensureSyntheticWhisperPersonaActors
FN:974,resolveSyntheticWhisperPersona
FN:993,isWritableDuneRelation
FN:1001,tableColumns
FN:1009,upsertDuneRow
FN:1051,quoteIdentifier
FN:1055,validateGrantWhen
FN:1061,parseTimestamp
FN:1073,validateInteger
FN:1079,validateNumber
FN:1085,configPath
FN:1089,grantsPath
FN:1093,pendingReturnsPath
FN:1097,firstOnlineClaimsPath
FN:1101,readConfig
FN:1107,writeConfig
FN:1114,appendGrant
FN:1121,readPendingReturns
FN:1132,writePendingReturns
FN:1139,readFirstOnlineClaims
FN:1152,writeFirstOnlineClaims
FNF:82
FNH:76
FNDA:2,FirstOnlineAlreadyClaimedError
FNDA:1,carePackageCapabilities
FNDA:7,carePackageConfig
FNDA:30,saveCarePackageConfig
FNDA:2,enableCarePackage
FNDA:52,carePackageHistory
FNDA:25,readCarePackageGrantRows
FNDA:2,clearCarePackageHistory
FNDA:633,normalizeHistoryRow
FNDA:633,formatServerLocalTimestamp
FNDA:600,summarizeStoredRow
FNDA:6,carePackageEligiblePlayers
FNDA:2,grantEligibleCarePackages
FNDA:17,runCarePackageAutoScan
FNDA:32,grantCarePackage
FNDA:0,config.mockMode.templateId
FNDA:0,retryCarePackageGrant
FNDA:134,validateCarePackageConfig
FNDA:32,eligibilityForPlayer
FNDA:4,lastSeenReturnEligibility
FNDA:7,pendingReturnKey
FNDA:2,markPendingReturn
FNDA:1,clearPendingReturn
FNDA:16,grantMatchesPlayer
FNDA:25,hasSuccessfulFirstOnlineGrant
FNDA:10,isFirstOnlineGrantRow
FNDA:32,stableIdentityValues
FNDA:18,firstOnlineClaimKey
FNDA:38,firstOnlineClaimForPlayer
FNDA:92,firstOnlineClaimIdentity
FNDA:18,withFirstOnlineClaimLock
FNDA:32,firstOnlineClaimApplies
FNDA:18,reserveFirstOnlineClaim
FNDA:1,releaseFirstOnlineClaim
FNDA:74,firstOnlineIdentityKeys
FNDA:32,normalizePlayer
FNDA:14,hasSuccessfulGrant
FNDA:19,isSuccessfulGrant
FNDA:14,hasDeliveredCarePackageContent
FNDA:15,skippedGrant
FNDA:0,failedGrant
FNDA:17,summarizeGrantResults
FNDA:28,summarizeActionResults
FNDA:4,describeAction
FNDA:56,selectedKit
FNDA:134,validateCarePackages
FNDA:396,validKitId
FNDA:132,validateAutoGrantRules
FNDA:132,validateRuleId
FNDA:142,validateKitName
FNDA:142,validateKitId
FNDA:0,slugKitName
FNDA:43,validateCarePackageItem
FNDA:42,validateItemQuality
FNDA:140,validateSendMessage
FNDA:32,validatePlayerTarget
FNDA:4,resolveWelcomeWhisperRecipient
FNDA:3,ensureCarePackageServerPersona
FNDA:0,ensureMessageOfTheDayPersona
FNDA:3,ensureSyntheticWhisperPersona
FNDA:3,ensureSyntheticWhisperPersonaPlayerRows
FNDA:3,ensureSyntheticWhisperPersonaActors
FNDA:3,resolveSyntheticWhisperPersona
FNDA:6,isWritableDuneRelation
FNDA:15,tableColumns
FNDA:6,upsertDuneRow
FNDA:68,quoteIdentifier
FNDA:264,validateGrantWhen
FNDA:7,parseTimestamp
FNDA:447,validateInteger
FNDA:0,validateNumber
FNDA:130,configPath
FNDA:97,grantsPath
FNDA:18,pendingReturnsPath
FNDA:57,firstOnlineClaimsPath
FNDA:98,readConfig
FNDA:32,writeConfig
FNDA:43,appendGrant
FNDA:15,readPendingReturns
FNDA:3,writePendingReturns
FNDA:41,readFirstOnlineClaims
FNDA:16,writeFirstOnlineClaims
DA:1,3
DA:2,3
DA:3,3
DA:4,3
DA:5,3
DA:6,3
DA:7,3
DA:8,3
DA:9,3
DA:10,3
DA:11,3
DA:12,3
DA:13,3
DA:14,3
DA:15,3
DA:16,3
DA:17,3
DA:18,3
DA:19,3
DA:20,3
DA:21,3
DA:22,3
DA:23,3
DA:24,3
DA:25,3
DA:26,3
DA:27,3
DA:28,3
DA:29,3
DA:30,3
DA:31,3
DA:32,3
DA:33,3
DA:34,3
DA:35,3
DA:36,3
DA:37,3
DA:38,3
DA:39,3
DA:40,3
DA:41,3
DA:42,3
DA:43,3
DA:44,3
DA:45,3
DA:46,3
DA:47,3
DA:48,3
DA:49,3
DA:50,3
DA:51,3
DA:52,3
DA:53,3
DA:54,3
DA:55,2
DA:56,2
DA:57,2
DA:58,2
DA:59,2
DA:60,3
DA:61,3
DA:62,3
DA:63,1
DA:64,1
DA:65,1
DA:66,1
DA:67,1
DA:68,1
DA:69,1
DA:70,1
DA:71,1
DA:72,1
DA:73,3
DA:74,3
DA:75,7
DA:76,7
DA:77,3
DA:78,3
DA:79,30
DA:80,30
DA:81,30
DA:82,30
DA:83,3
DA:84,3
DA:85,2
DA:86,2
DA:87,2
DA:88,2
DA:89,3
DA:90,3
DA:91,52
DA:92,52
DA:93,52
DA:94,25
DA:95,25
DA:96,25
DA:97,25
DA:98,25
DA:99,25
DA:100,52
DA:101,3
DA:102,25
DA:103,25
DA:104,25
DA:105,25
DA:106,25
DA:107,25
DA:108,633
DA:109,633
DA:110,633
DA:111,0
DA:112,0
DA:113,25
DA:114,25
DA:115,25
DA:116,3
DA:117,3
DA:118,2
DA:119,2
DA:120,2
DA:121,2
DA:122,2
DA:123,2
DA:124,2
DA:125,3
DA:126,633
DA:127,633
DA:128,633
DA:129,633
DA:130,633
DA:131,633
DA:132,633
DA:133,633
DA:134,633
DA:135,633
DA:136,633
DA:137,3
DA:138,633
DA:139,633
DA:140,633
DA:141,633
DA:142,633
DA:143,633
DA:144,3
DA:145,600
DA:146,600
DA:147,0
DA:148,0
DA:149,0
DA:150,0
DA:151,0
DA:152,0
DA:153,600
DA:154,3
DA:155,3
DA:156,6
DA:157,6
DA:158,6
DA:159,6
DA:160,6
DA:161,6
DA:162,6
DA:163,6
DA:164,6
DA:165,6
DA:166,6
DA:167,6
DA:168,6
DA:169,3
DA:170,3
DA:171,2
DA:172,2
DA:173,2
DA:174,2
DA:175,2
DA:176,2
DA:177,2
DA:178,2
DA:179,5
DA:180,3
DA:181,3
DA:182,3
DA:183,3
DA:184,2
DA:185,2
DA:186,2
DA:187,2
DA:188,2
DA:189,2
DA:190,2
DA:191,2
DA:192,5
DA:193,5
DA:194,5
DA:195,5
DA:196,5
DA:197,0
DA:198,0
DA:199,0
DA:200,5
DA:201,2
DA:202,2
DA:203,3
DA:204,3
DA:205,17
DA:206,17
DA:207,16
DA:208,17
DA:209,15
DA:210,15
DA:211,15
DA:212,17
DA:213,16
DA:214,16
DA:215,0
DA:216,0
DA:217,0
DA:218,16
DA:219,16
DA:220,16
DA:221,19
DA:222,19
DA:223,4
DA:224,16
DA:225,16
DA:226,19
DA:227,11
DA:228,11
DA:229,11
DA:230,11
DA:231,11
DA:232,8
DA:233,8
DA:234,8
DA:235,8
DA:236,8
DA:237,8
DA:238,8
DA:239,8
DA:240,8
DA:241,19
DA:242,19
DA:243,19
DA:244,19
DA:245,19
DA:246,19
DA:247,0
DA:248,0
DA:249,19
DA:250,16
DA:251,17
DA:252,15
DA:253,17
DA:254,3
DA:255,3
DA:256,32
DA:257,32
DA:258,32
DA:259,32
DA:260,32
DA:261,32
DA:262,32
DA:263,32
DA:264,32
DA:265,32
DA:266,32
DA:267,32
DA:268,32
DA:269,32
DA:270,32
DA:271,32
DA:272,32
DA:273,32
DA:274,32
DA:275,32
DA:276,1
DA:277,1
DA:278,1
DA:279,1
DA:280,1
DA:281,1
DA:282,1
DA:283,1
DA:284,1
DA:285,1
DA:286,32
DA:287,13
DA:288,13
DA:289,13
DA:290,13
DA:291,13
DA:292,32
DA:293,1
DA:294,1
DA:295,1
DA:296,32
DA:297,0
DA:298,0
DA:299,0
DA:300,28
DA:301,28
DA:302,28
DA:303,28
DA:304,32
DA:305,4
DA:306,4
DA:307,4
DA:308,4
DA:309,4
DA:310,4
DA:311,0
DA:312,0
DA:313,0
DA:314,0
DA:315,0
DA:316,4
DA:317,0
DA:318,0
DA:319,0
DA:320,0
DA:321,0
DA:322,0
DA:323,0
DA:324,0
DA:325,0
DA:326,0
DA:327,4
DA:328,1
DA:329,1
DA:330,4
DA:331,32
DA:332,10
DA:333,10
DA:334,10
DA:335,10
DA:336,10
DA:337,10
DA:338,10
DA:339,10
DA:340,10
DA:341,10
DA:342,10
DA:343,10
DA:344,10
DA:345,10
DA:346,10
DA:347,4
DA:348,4
DA:349,4
DA:350,2
DA:351,10
DA:352,3
DA:353,3
DA:354,0
DA:355,3
DA:356,3
DA:357,3
DA:358,3
DA:359,3
DA:360,3
DA:361,3
DA:362,3
DA:363,3
DA:364,3
DA:365,3
DA:366,3
DA:367,3
DA:368,10
DA:369,3
DA:370,3
DA:371,10
DA:372,32
DA:373,22
DA:374,22
DA:375,22
DA:376,22
DA:377,0
DA:378,0
DA:379,0
DA:380,0
DA:381,22
DA:382,28
DA:383,28
DA:384,28
DA:385,28
DA:386,28
DA:387,32
DA:388,32
DA:389,32
DA:390,32
DA:391,32
DA:392,32
DA:393,32
DA:394,32
DA:395,32
DA:396,32
DA:397,32
DA:398,32
DA:399,32
DA:400,32
DA:401,32
DA:402,32
DA:403,32
DA:404,32
DA:405,32
DA:406,32
DA:407,0
DA:408,0
DA:409,28
DA:410,32
DA:411,3
DA:412,3
DA:413,0
DA:414,0
DA:415,0
DA:416,0
DA:417,0
DA:418,0
DA:419,0
DA:420,3
DA:421,3
DA:422,134
DA:423,134
DA:424,134
DA:425,134
DA:426,134
DA:427,134
DA:428,134
DA:429,134
DA:430,134
DA:431,134
DA:432,134
DA:433,134
DA:434,134
DA:435,134
DA:436,134
DA:437,134
DA:438,134
DA:439,134
DA:440,134
DA:441,134
DA:442,134
DA:443,134
DA:444,3
DA:445,32
DA:446,32
DA:447,32
DA:448,2
DA:449,2
DA:450,32
DA:451,8
DA:452,8
DA:453,32
DA:454,3
DA:455,3
DA:456,32
DA:457,7
DA:458,0
DA:459,0
DA:460,7
DA:461,7
DA:462,7
DA:463,7
DA:464,7
DA:465,2
DA:466,2
DA:467,7
DA:468,32
DA:469,1
DA:470,1
DA:471,13
DA:472,32
DA:473,3
DA:474,4
DA:475,4
DA:476,4
DA:477,4
DA:478,4
DA:479,4
DA:480,2
DA:481,2
DA:482,4
DA:483,1
DA:484,0
DA:485,0
DA:486,1
DA:487,1
DA:488,4
DA:489,1
DA:490,4
DA:491,3
DA:492,7
DA:493,7
DA:494,7
DA:495,7
DA:496,3
DA:497,2
DA:498,2
DA:499,2
DA:500,2
DA:501,2
DA:502,2
DA:503,2
DA:504,2
DA:505,2
DA:506,2
DA:507,2
DA:508,2
DA:509,2
DA:510,2
DA:511,2
DA:512,2
DA:513,3
DA:514,1
DA:515,1
DA:516,1
DA:517,1
DA:518,1
DA:519,1
DA:520,3
DA:521,16
DA:522,16
DA:523,16
DA:524,16
DA:525,16
DA:526,16
DA:527,16
DA:528,0
DA:529,16
DA:530,16
DA:531,16
DA:532,16
DA:533,3
DA:534,25
DA:535,25
DA:536,25
DA:537,3
DA:538,10
DA:539,10
DA:540,10
DA:541,10
DA:542,10
DA:543,3
DA:544,32
DA:545,32
DA:546,32
DA:547,32
DA:548,32
DA:549,32
DA:550,32
DA:551,32
DA:552,32
DA:553,32
DA:554,32
DA:555,32
DA:556,3
DA:557,18
DA:558,18
DA:559,18
DA:560,3
DA:561,38
DA:562,38
DA:563,38
DA:564,38
DA:565,38
DA:566,105
DA:567,105
DA:568,105
DA:569,27
DA:570,38
DA:571,3
DA:572,92
DA:573,92
DA:574,92
DA:575,92
DA:576,92
DA:577,92
DA:578,92
DA:579,92
DA:580,92
DA:581,3
DA:582,18
DA:583,18
DA:584,18
DA:585,18
DA:586,18
DA:587,18
DA:588,18
DA:589,18
DA:590,18
DA:591,18
DA:592,18
DA:593,18
DA:594,18
DA:595,18
DA:596,18
DA:597,3
DA:598,32
DA:599,32
DA:600,32
DA:601,32
DA:602,32
DA:603,16
DA:604,32
DA:605,3
DA:606,18
DA:607,18
DA:608,18
DA:609,18
DA:610,18
DA:611,18
DA:612,18
DA:613,18
DA:614,18
DA:615,18
DA:616,18
DA:617,18
DA:618,18
DA:619,18
DA:620,18
DA:621,3
DA:622,2
DA:623,2
DA:624,15
DA:625,15
DA:626,15
DA:627,15
DA:628,15
DA:629,18
DA:630,18
DA:631,18
DA:632,18
DA:633,18
DA:634,18
DA:635,15
DA:636,15
DA:637,18
DA:638,3
DA:639,1
DA:640,1
DA:641,1
DA:642,1
DA:643,1
DA:644,1
DA:645,1
DA:646,1
DA:647,1
DA:648,1
DA:649,3
DA:650,74
DA:651,74
DA:652,74
DA:653,74
DA:654,74
DA:655,74
DA:656,74
DA:657,74
DA:658,74
DA:659,74
DA:660,74
DA:661,74
DA:662,74
DA:663,3
DA:664,32
DA:665,32
DA:666,32
DA:667,32
DA:668,32
DA:669,32
DA:670,32
DA:671,32
DA:672,32
DA:673,32
DA:674,32
DA:675,32
DA:676,32
DA:677,3
DA:678,14
DA:679,14
DA:680,2
DA:681,2
DA:682,2
DA:683,2
DA:684,2
DA:685,14
DA:686,14
DA:687,3
DA:688,19
DA:689,19
DA:690,19
DA:691,3
DA:692,14
DA:693,14
DA:694,14
DA:695,14
DA:696,3
DA:697,15
DA:698,15
DA:699,15
DA:700,15
DA:701,15
DA:702,15
DA:703,3
DA:704,0
DA:705,0
DA:706,0
DA:707,0
DA:708,0
DA:709,0
DA:710,3
DA:711,17
DA:712,17
DA:713,17
DA:714,17
DA:715,17
DA:716,17
DA:717,17
DA:718,17
DA:719,17
DA:720,3
DA:721,28
DA:722,28
DA:723,28
DA:724,28
DA:725,28
DA:726,28
DA:727,28
DA:728,28
DA:729,28
DA:730,28
DA:731,28
DA:732,28
DA:733,28
DA:734,28
DA:735,3
DA:736,4
DA:737,4
DA:738,4
DA:739,1
DA:740,4
DA:741,4
DA:742,3
DA:743,56
DA:744,56
DA:745,56
DA:746,56
DA:747,3
DA:748,134
DA:749,134
DA:750,134
DA:751,134
DA:752,21
DA:753,21
DA:754,21
DA:755,21
DA:756,21
DA:757,134
DA:758,134
DA:759,134
DA:760,134
DA:761,142
DA:762,142
DA:763,142
DA:764,142
DA:765,142
DA:766,142
DA:767,142
DA:768,142
DA:769,142
DA:770,142
DA:771,142
DA:772,142
DA:773,142
DA:774,142
DA:775,134
DA:776,134
DA:777,3
DA:778,396
DA:779,396
DA:780,396
DA:781,396
DA:782,3
DA:783,132
DA:784,132
DA:785,130
DA:786,132
DA:787,132
DA:788,132
DA:789,130
DA:790,130
DA:791,132
DA:792,132
DA:793,132
DA:794,132
DA:795,132
DA:796,132
DA:797,132
DA:798,132
DA:799,132
DA:800,132
DA:801,130
DA:802,132
DA:803,3
DA:804,132
DA:805,132
DA:806,132
DA:807,0
DA:808,132
DA:809,3
DA:810,142
DA:811,142
DA:812,142
DA:813,0
DA:814,142
DA:815,3
DA:816,142
DA:817,142
DA:818,142
DA:819,0
DA:820,142
DA:821,3
DA:822,0
DA:823,0
DA:824,0
DA:825,3
DA:826,43
DA:827,43
DA:828,43
DA:829,43
DA:830,43
DA:831,43
DA:832,42
DA:833,43
DA:834,43
DA:835,43
DA:836,43
DA:837,43
DA:838,43
DA:839,43
DA:840,43
DA:841,43
DA:842,43
DA:843,43
DA:844,3
DA:845,42
DA:846,42
DA:847,42
DA:848,42
DA:849,42
DA:850,3
DA:851,140
DA:852,140
DA:853,140
DA:854,140
DA:855,140
DA:856,13
DA:857,140
DA:858,3
DA:859,32
DA:860,32
DA:861,32
DA:862,0
DA:863,32
DA:864,3
DA:865,4
DA:866,4
DA:867,4
DA:868,4
DA:869,4
DA:870,4
DA:871,4
DA:872,4
DA:873,3
DA:874,3
DA:875,3
DA:876,3
DA:877,3
DA:878,3
DA:879,0
DA:880,0
DA:881,3
DA:882,3
DA:883,3
DA:884,3
DA:885,3
DA:886,3
DA:887,3
DA:888,3
DA:889,3
DA:890,3
DA:891,3
DA:892,3
DA:893,3
DA:894,3
DA:895,3
DA:896,3
DA:897,3
DA:898,0
DA:899,0
DA:900,0
DA:901,0
DA:902,0
DA:903,0
DA:904,0
DA:905,3
DA:906,0
DA:907,0
DA:908,3
DA:909,3
DA:910,3
DA:911,0
DA:912,0
DA:913,0
DA:914,0
DA:915,0
DA:916,3
DA:917,3
DA:918,3
DA:919,3
DA:920,3
DA:921,3
DA:922,3
DA:923,3
DA:924,3
DA:925,3
DA:926,0
DA:927,0
DA:928,0
DA:929,0
DA:930,0
DA:931,3
DA:932,3
DA:933,3
DA:934,3
DA:935,3
DA:936,3
DA:937,3
DA:938,3
DA:939,3
DA:940,3
DA:941,3
DA:942,3
DA:943,3
DA:944,3
DA:945,3
DA:946,3
DA:947,3
DA:948,3
DA:949,3
DA:950,3
DA:951,3
DA:952,3
DA:953,3
DA:954,3
DA:955,0
DA:956,0
DA:957,0
DA:958,0
DA:959,0
DA:960,0
DA:961,0
DA:962,0
DA:963,0
DA:964,0
DA:965,0
DA:966,0
DA:967,0
DA:968,0
DA:969,0
DA:970,0
DA:971,0
DA:972,3
DA:973,3
DA:974,3
DA:975,3
DA:976,3
DA:977,3
DA:978,3
DA:979,3
DA:980,3
DA:981,3
DA:982,3
DA:983,3
DA:984,3
DA:985,3
DA:986,3
DA:987,3
DA:988,3
DA:989,3
DA:990,3
DA:991,3
DA:992,3
DA:993,6
DA:994,6
DA:995,6
DA:996,6
DA:997,6
DA:998,6
DA:999,6
DA:1000,3
DA:1001,15
DA:1002,15
DA:1003,15
DA:1004,15
DA:1005,15
DA:1006,15
DA:1007,15
DA:1008,3
DA:1009,6
DA:1010,6
DA:1011,6
DA:1012,6
DA:1013,21
DA:1014,21
DA:1015,21
DA:1016,21
DA:1017,21
DA:1018,12
DA:1019,6
DA:1020,6
DA:1021,6
DA:1022,6
DA:1023,6
DA:1024,6
DA:1025,6
DA:1026,6
DA:1027,6
DA:1028,6
DA:1029,6
DA:1030,6
DA:1031,1
DA:1032,1
DA:1033,1
DA:1034,1
DA:1035,1
DA:1036,1
DA:1037,1
DA:1038,1
DA:1039,1
DA:1040,1
DA:1041,1
DA:1042,1
DA:1043,1
DA:1044,1
DA:1045,1
DA:1046,1
DA:1047,1
DA:1048,1
DA:1049,6
DA:1050,3
DA:1051,68
DA:1052,68
DA:1053,68
DA:1054,3
DA:1055,264
DA:1056,264
DA:1057,264
DA:1058,2
DA:1059,264
DA:1060,3
DA:1061,7
DA:1062,7
DA:1063,7
DA:1064,0
DA:1065,0
DA:1066,0
DA:1067,0
DA:1068,7
DA:1069,7
DA:1070,7
DA:1071,7
DA:1072,3
DA:1073,447
DA:1074,447
DA:1075,447
DA:1076,445
DA:1077,447
DA:1078,3
DA:1079,0
DA:1080,0
DA:1081,0
DA:1082,0
DA:1083,0
DA:1084,3
DA:1085,130
DA:1086,130
DA:1087,130
DA:1088,3
DA:1089,97
DA:1090,97
DA:1091,97
DA:1092,3
DA:1093,18
DA:1094,18
DA:1095,18
DA:1096,3
DA:1097,57
DA:1098,57
DA:1099,57
DA:1100,3
DA:1101,98
DA:1102,98
DA:1103,98
DA:1104,95
DA:1105,98
DA:1106,3
DA:1107,32
DA:1108,32
DA:1109,32
DA:1110,32
DA:1111,32
DA:1112,32
DA:1113,3
DA:1114,43
DA:1115,43
DA:1116,43
DA:1117,43
DA:1118,43
DA:1119,43
DA:1120,3
DA:1121,15
DA:1122,15
DA:1123,15
DA:1124,1
DA:1125,1
DA:1126,15
DA:1127,15
DA:1128,0
DA:1129,0
DA:1130,15
DA:1131,3
DA:1132,3
DA:1133,3
DA:1134,3
DA:1135,3
DA:1136,3
DA:1137,3
DA:1138,3
DA:1139,41
DA:1140,41
DA:1141,41
DA:1142,13
DA:1143,13
DA:1144,41
DA:1145,41
DA:1146,41
DA:1147,41
DA:1148,0
DA:1149,0
DA:1150,41
DA:1151,3
DA:1152,16
DA:1153,16
DA:1154,16
DA:1155,16
DA:1156,16
DA:1157,16
LF:1157
LH:1040
BRDA:1,0,0,3
BRDA:54,1,0,2
BRDA:62,2,0,1
BRDA:74,3,0,7
BRDA:78,4,0,30
BRDA:84,5,0,2
BRDA:90,6,0,52
BRDA:91,7,0,0
BRDA:93,8,0,27
BRDA:94,9,0,25
BRDA:96,10,0,633
BRDA:96,11,0,0
BRDA:102,12,0,25
BRDA:105,13,0,658
BRDA:106,14,0,658
BRDA:106,15,0,633
BRDA:107,16,0,633
BRDA:110,17,0,0
BRDA:117,18,0,2
BRDA:119,19,0,0
BRDA:122,20,0,0
BRDA:126,21,0,633
BRDA:127,22,0,0
BRDA:128,23,0,0
BRDA:128,24,0,0
BRDA:134,25,0,600
BRDA:138,26,0,633
BRDA:139,27,0,0
BRDA:141,28,0,0
BRDA:145,29,0,600
BRDA:147,30,0,0
BRDA:155,31,0,6
BRDA:157,32,0,2
BRDA:157,33,0,4
BRDA:158,34,0,2
BRDA:158,35,0,4
BRDA:165,36,0,2
BRDA:165,37,0,4
BRDA:166,38,0,1
BRDA:166,39,0,5
BRDA:157,40,0,2
BRDA:161,41,0,13
BRDA:166,42,0,2
BRDA:170,43,0,2
BRDA:172,44,0,0
BRDA:175,45,0,0
BRDA:178,46,0,5
BRDA:179,47,0,3
BRDA:180,48,0,0
BRDA:184,49,0,2
BRDA:192,50,0,2
BRDA:193,51,0,2
BRDA:195,52,0,2
BRDA:196,53,0,0
BRDA:204,54,0,17
BRDA:206,55,0,1
BRDA:207,56,0,16
BRDA:208,57,0,1
BRDA:209,58,0,15
BRDA:212,59,0,16
BRDA:214,60,0,13
BRDA:214,61,0,0
BRDA:225,62,0,19
BRDA:226,63,0,11
BRDA:227,64,0,2
BRDA:227,65,0,0
BRDA:228,66,0,0
BRDA:229,67,0,0
BRDA:232,68,0,8
BRDA:241,69,0,5
BRDA:241,70,0,5
BRDA:242,71,0,5
BRDA:244,72,0,8
BRDA:245,73,0,1
BRDA:245,74,0,0
BRDA:246,75,0,0
BRDA:251,76,0,15
BRDA:251,77,0,3
BRDA:252,78,0,15
BRDA:207,79,0,17
BRDA:220,80,0,19
BRDA:222,81,0,15
BRDA:223,82,0,4
BRDA:255,83,0,32
BRDA:257,84,0,0
BRDA:259,85,0,16
BRDA:260,86,0,17
BRDA:260,87,0,11
BRDA:260,88,0,6
BRDA:262,89,0,23
BRDA:262,90,0,0
BRDA:265,91,0,14
BRDA:265,92,0,14
BRDA:266,93,0,23
BRDA:266,94,0,23
BRDA:267,95,0,14
BRDA:267,96,0,14
BRDA:268,97,0,14
BRDA:268,98,0,14
BRDA:269,99,0,11
BRDA:269,100,0,11
BRDA:273,101,0,18
BRDA:274,102,0,16
BRDA:274,103,0,14
BRDA:275,104,0,16
BRDA:275,105,0,1
BRDA:283,106,0,0
BRDA:283,107,0,0
BRDA:286,108,0,29
BRDA:286,109,0,14
BRDA:286,110,0,13
BRDA:292,111,0,1
BRDA:296,112,0,28
BRDA:296,113,0,13
BRDA:296,114,0,0
BRDA:300,115,0,28
BRDA:304,116,0,4
BRDA:307,117,0,3
BRDA:307,118,0,0
BRDA:309,119,0,3
BRDA:310,120,0,0
BRDA:317,121,0,0
BRDA:327,122,0,1
BRDA:328,123,0,0
BRDA:331,124,0,28
BRDA:331,125,0,10
BRDA:333,126,0,0
BRDA:334,127,0,0
BRDA:334,128,0,7
BRDA:335,129,0,7
BRDA:335,130,0,0
BRDA:345,131,0,1
BRDA:345,132,0,1
BRDA:345,133,0,0
BRDA:346,134,0,7
BRDA:346,135,0,5
BRDA:346,136,0,4
BRDA:348,137,0,2
BRDA:349,138,0,2
BRDA:349,139,0,0
BRDA:350,140,0,2
BRDA:351,141,0,3
BRDA:353,142,0,0
BRDA:354,143,0,0
BRDA:355,144,0,0
BRDA:365,145,0,0
BRDA:368,146,0,3
BRDA:369,147,0,0
BRDA:372,148,0,28
BRDA:372,149,0,22
BRDA:376,150,0,0
BRDA:377,151,0,0
BRDA:382,152,0,28
BRDA:387,153,0,13
BRDA:387,154,0,13
BRDA:388,155,0,21
BRDA:388,156,0,21
BRDA:389,157,0,12
BRDA:389,158,0,12
BRDA:390,159,0,12
BRDA:390,160,0,12
BRDA:391,161,0,10
BRDA:391,162,0,10
BRDA:392,163,0,15
BRDA:392,164,0,15
BRDA:397,165,0,18
BRDA:397,166,0,0
BRDA:406,167,0,14
BRDA:406,168,0,14
BRDA:406,169,0,0
BRDA:409,170,0,28
BRDA:273,171,0,18
BRDA:421,172,0,134
BRDA:424,173,0,24
BRDA:424,174,0,22
BRDA:424,175,0,2
BRDA:425,176,0,25
BRDA:426,177,0,2
BRDA:426,178,0,2
BRDA:427,179,0,34
BRDA:439,180,0,35
BRDA:426,181,0,130
BRDA:438,182,0,128
BRDA:445,183,0,32
BRDA:446,184,0,3
BRDA:447,185,0,29
BRDA:447,186,0,22
BRDA:447,187,0,0
BRDA:447,188,0,2
BRDA:450,189,0,27
BRDA:450,190,0,20
BRDA:450,191,0,0
BRDA:450,192,0,8
BRDA:453,193,0,19
BRDA:453,194,0,12
BRDA:453,195,0,3
BRDA:456,196,0,16
BRDA:456,197,0,7
BRDA:457,198,0,0
BRDA:457,199,0,0
BRDA:461,200,0,0
BRDA:462,201,0,0
BRDA:464,202,0,2
BRDA:468,203,0,14
BRDA:468,204,0,1
BRDA:471,205,0,13
BRDA:468,206,0,6
BRDA:468,207,0,0
BRDA:468,208,0,4
BRDA:474,209,0,4
BRDA:476,210,0,0
BRDA:479,211,0,2
BRDA:479,212,0,2
BRDA:482,213,0,1
BRDA:483,214,0,0
BRDA:488,215,0,0
BRDA:489,216,0,1
BRDA:492,217,0,7
BRDA:493,218,0,0
BRDA:493,219,0,0
BRDA:497,220,0,2
BRDA:503,221,0,0
BRDA:504,222,0,0
BRDA:505,223,0,0
BRDA:506,224,0,0
BRDA:507,225,0,0
BRDA:509,226,0,0
BRDA:514,227,0,1
BRDA:516,228,0,0
BRDA:521,229,0,16
BRDA:525,230,0,5
BRDA:527,231,0,11
BRDA:527,232,0,0
BRDA:527,233,0,11
BRDA:528,234,0,0
BRDA:529,235,0,0
BRDA:530,236,0,0
BRDA:530,237,0,0
BRDA:531,238,0,0
BRDA:531,239,0,0
BRDA:534,240,0,25
BRDA:535,241,0,10
BRDA:538,242,0,10
BRDA:539,243,0,0
BRDA:541,244,0,0
BRDA:544,245,0,32
BRDA:554,246,0,256
BRDA:554,247,0,198
BRDA:557,248,0,18
BRDA:558,249,0,0
BRDA:561,250,0,38
BRDA:562,251,0,0
BRDA:563,252,0,0
BRDA:564,253,0,0
BRDA:565,254,0,105
BRDA:566,255,0,94
BRDA:567,256,0,11
BRDA:569,257,0,27
BRDA:572,258,0,92
BRDA:574,259,0,47
BRDA:574,260,0,47
BRDA:575,261,0,23
BRDA:575,262,0,23
BRDA:576,263,0,23
BRDA:576,264,0,23
BRDA:577,265,0,0
BRDA:577,266,0,0
BRDA:578,267,0,8
BRDA:578,268,0,8
BRDA:578,269,0,8
BRDA:582,270,0,18
BRDA:583,271,0,0
BRDA:586,272,0,18
BRDA:587,273,0,18
BRDA:598,274,0,32
BRDA:600,275,0,22
BRDA:600,276,0,0
BRDA:601,277,0,16
BRDA:602,278,0,0
BRDA:603,279,0,16
BRDA:603,280,0,16
BRDA:603,281,0,4
BRDA:603,282,0,4
BRDA:606,283,0,18
BRDA:610,284,0,2
BRDA:610,285,0,2
BRDA:611,286,0,9
BRDA:611,287,0,9
BRDA:612,288,0,3
BRDA:612,289,0,3
BRDA:613,290,0,3
BRDA:613,291,0,3
BRDA:616,292,0,0
BRDA:617,293,0,0
BRDA:620,294,0,3
BRDA:621,295,0,1
BRDA:622,296,0,2
BRDA:624,297,0,15
BRDA:629,298,0,1
BRDA:629,299,0,1
BRDA:634,300,0,61
BRDA:635,301,0,15
BRDA:639,302,0,1
BRDA:640,303,0,0
BRDA:642,304,0,0
BRDA:644,305,0,0
BRDA:650,306,0,74
BRDA:659,307,0,370
BRDA:659,308,0,84
BRDA:660,309,0,370
BRDA:661,310,0,286
BRDA:664,311,0,32
BRDA:666,312,0,0
BRDA:666,313,0,0
BRDA:667,314,0,0
BRDA:668,315,0,23
BRDA:669,316,0,0
BRDA:670,317,0,0
BRDA:671,318,0,23
BRDA:671,319,0,23
BRDA:671,320,0,23
BRDA:671,321,0,23
BRDA:672,322,0,3
BRDA:672,323,0,3
BRDA:672,324,0,3
BRDA:672,325,0,0
BRDA:673,326,0,23
BRDA:673,327,0,23
BRDA:674,328,0,23
BRDA:674,329,0,23
BRDA:678,330,0,14
BRDA:679,331,0,3
BRDA:679,332,0,0
BRDA:679,333,0,2
BRDA:683,334,0,0
BRDA:684,335,0,0
BRDA:688,336,0,19
BRDA:689,337,0,0
BRDA:689,338,0,0
BRDA:692,339,0,14
BRDA:693,340,0,0
BRDA:694,341,0,15
BRDA:697,342,0,15
BRDA:699,343,0,2
BRDA:699,344,0,2
BRDA:699,345,0,0
BRDA:699,346,0,9
BRDA:699,347,0,9
BRDA:699,348,0,9
BRDA:699,349,0,0
BRDA:699,350,0,0
BRDA:711,351,0,17
BRDA:713,352,0,24
BRDA:714,353,0,24
BRDA:715,354,0,24
BRDA:716,355,0,24
BRDA:721,356,0,28
BRDA:724,357,0,24
BRDA:724,358,0,4
BRDA:724,359,0,1
BRDA:724,360,0,3
BRDA:732,361,0,4
BRDA:732,362,0,24
BRDA:722,363,0,36
BRDA:726,364,0,36
BRDA:727,365,0,4
BRDA:727,366,0,0
BRDA:736,367,0,4
BRDA:737,368,0,3
BRDA:737,369,0,0
BRDA:737,370,0,0
BRDA:737,371,0,0
BRDA:738,372,0,1
BRDA:738,373,0,0
BRDA:739,374,0,1
BRDA:740,375,0,0
BRDA:743,376,0,56
BRDA:744,377,0,0
BRDA:744,378,0,0
BRDA:744,379,0,0
BRDA:744,380,0,59
BRDA:748,381,0,134
BRDA:750,382,0,113
BRDA:751,383,0,21
BRDA:752,384,0,7
BRDA:752,385,0,13
BRDA:752,386,0,8
BRDA:758,387,0,0
BRDA:760,388,0,142
BRDA:761,389,0,132
BRDA:761,390,0,10
BRDA:762,391,0,0
BRDA:763,392,0,0
BRDA:763,393,0,0
BRDA:764,394,0,0
BRDA:766,395,0,136
BRDA:766,396,0,6
BRDA:767,397,0,0
BRDA:772,398,0,6
BRDA:773,399,0,34
BRDA:778,400,0,396
BRDA:779,401,0,49
BRDA:780,402,0,347
BRDA:780,403,0,49
BRDA:780,404,0,408
BRDA:783,405,0,132
BRDA:784,406,0,2
BRDA:785,407,0,130
BRDA:786,408,0,109
BRDA:787,409,0,21
BRDA:787,410,0,18
BRDA:788,411,0,0
BRDA:789,412,0,130
BRDA:790,413,0,132
BRDA:791,414,0,0
BRDA:792,415,0,0
BRDA:797,416,0,0
BRDA:798,417,0,0
BRDA:799,418,0,8
BRDA:804,419,0,132
BRDA:805,420,0,0
BRDA:807,421,0,0
BRDA:810,422,0,142
BRDA:811,423,0,0
BRDA:813,424,0,0
BRDA:816,425,0,142
BRDA:817,426,0,0
BRDA:819,427,0,0
BRDA:826,428,0,43
BRDA:827,429,0,4
BRDA:828,430,0,39
BRDA:829,431,0,4
BRDA:829,432,0,0
BRDA:830,433,0,39
BRDA:830,434,0,1
BRDA:831,435,0,42
BRDA:831,436,0,4
BRDA:831,437,0,0
BRDA:832,438,0,42
BRDA:833,439,0,29
BRDA:834,440,0,13
BRDA:838,441,0,0
BRDA:839,442,0,10
BRDA:839,443,0,9
BRDA:839,444,0,0
BRDA:845,445,0,42
BRDA:847,446,0,0
BRDA:851,447,0,140
BRDA:852,448,0,127
BRDA:853,449,0,0
BRDA:854,450,0,127
BRDA:855,451,0,13
BRDA:855,452,0,0
BRDA:856,453,0,13
BRDA:859,454,0,32
BRDA:860,455,0,0
BRDA:862,456,0,0
BRDA:865,457,0,4
BRDA:866,458,0,1
BRDA:866,459,0,1
BRDA:866,460,0,1
BRDA:866,461,0,0
BRDA:866,462,0,0
BRDA:867,463,0,1
BRDA:867,464,0,1
BRDA:867,465,0,0
BRDA:867,466,0,0
BRDA:868,467,0,1
BRDA:868,468,0,1
BRDA:868,469,0,1
BRDA:869,470,0,1
BRDA:870,471,0,3
BRDA:870,472,0,0
BRDA:871,473,0,3
BRDA:871,474,0,0
BRDA:874,475,0,3
BRDA:882,476,0,3
BRDA:883,477,0,0
BRDA:890,478,0,0
BRDA:891,479,0,0
BRDA:896,480,0,0
BRDA:897,481,0,0
BRDA:905,482,0,0
BRDA:910,483,0,0
BRDA:920,484,0,3
BRDA:925,485,0,0
BRDA:935,486,0,0
BRDA:936,487,0,0
BRDA:937,488,0,0
BRDA:938,489,0,0
BRDA:939,490,0,0
BRDA:941,491,0,0
BRDA:942,492,0,0
BRDA:943,493,0,0
BRDA:944,494,0,0
BRDA:945,495,0,0
BRDA:952,496,0,3
BRDA:955,497,0,0
BRDA:974,498,0,3
BRDA:981,499,0,0
BRDA:982,500,0,0
BRDA:983,501,0,0
BRDA:984,502,0,0
BRDA:985,503,0,0
BRDA:993,504,0,6
BRDA:998,505,0,0
BRDA:1001,506,0,15
BRDA:1006,507,0,0
BRDA:1006,508,0,36
BRDA:1009,509,0,6
BRDA:1030,510,0,5
BRDA:1030,511,0,1
BRDA:1031,512,0,0
BRDA:1031,513,0,0
BRDA:1033,514,0,0
BRDA:1010,515,0,21
BRDA:1012,516,0,21
BRDA:1013,517,0,3
BRDA:1013,518,0,18
BRDA:1013,519,0,12
BRDA:1014,520,0,18
BRDA:1014,521,0,9
BRDA:1014,522,0,9
BRDA:1014,523,0,0
BRDA:1017,524,0,18
BRDA:1017,525,0,9
BRDA:1017,526,0,9
BRDA:1018,527,0,12
BRDA:1021,528,0,21
BRDA:1022,529,0,15
BRDA:1035,530,0,3
BRDA:1036,531,0,3
BRDA:1037,532,0,2
BRDA:1051,533,0,68
BRDA:1055,534,0,264
BRDA:1056,535,0,0
BRDA:1057,536,0,262
BRDA:1058,537,0,2
BRDA:1061,538,0,7
BRDA:1062,539,0,0
BRDA:1063,540,0,0
BRDA:1069,541,0,0
BRDA:1073,542,0,447
BRDA:1075,543,0,445
BRDA:1075,544,0,2
BRDA:1076,545,0,445
BRDA:1085,546,0,130
BRDA:1089,547,0,97
BRDA:1093,548,0,18
BRDA:1097,549,0,57
BRDA:1101,550,0,98
BRDA:1103,551,0,3
BRDA:1104,552,0,95
BRDA:1107,553,0,32
BRDA:1111,554,0,0
BRDA:1114,555,0,43
BRDA:1118,556,0,0
BRDA:1121,557,0,15
BRDA:1123,558,0,14
BRDA:1124,559,0,1
BRDA:1126,560,0,1
BRDA:1126,561,0,1
BRDA:1126,562,0,0
BRDA:1127,563,0,0
BRDA:1132,564,0,3
BRDA:1136,565,0,0
BRDA:1139,566,0,41
BRDA:1141,567,0,28
BRDA:1142,568,0,13
BRDA:1144,569,0,13
BRDA:1144,570,0,13
BRDA:1144,571,0,13
BRDA:1144,572,0,0
BRDA:1145,573,0,13
BRDA:1145,574,0,13
BRDA:1145,575,0,13
BRDA:1145,576,0,13
BRDA:1145,577,0,0
BRDA:1147,578,0,0
BRDA:1152,579,0,16
BRDA:1155,580,0,0
BRDA:1155,581,0,0
BRDA:1156,582,0,0
BRF:583
BRH:396
end_of_record
TN:
SF:src/config.js
FN:8,loadConfig
FN:47,parseAllowedIps
FN:56,repairRootOwnedHostState
FN:114,updateEnvFileValue
FN:128,envLineKey
FN:135,readConsoleVersion
FN:143,resolveAdminBindHost
FN:149,detectPrivateIpv4
FN:165,isPrivateIpv4
FN:175,getOrCreateSecret
FN:190,publicConfig
FNF:11
FNH:7
FNDA:2,loadConfig
FNDA:2,parseAllowedIps
FNDA:2,repairRootOwnedHostState
FNDA:0,updateEnvFileValue
FNDA:0,envLineKey
FNDA:2,readConsoleVersion
FNDA:2,resolveAdminBindHost
FNDA:0,detectPrivateIpv4
FNDA:0,isPrivateIpv4
FNDA:4,getOrCreateSecret
FNDA:1,publicConfig
DA:1,1
DA:2,1
DA:3,1
DA:4,1
DA:5,1
DA:6,1
DA:7,1
DA:8,1
DA:9,2
DA:10,2
DA:11,2
DA:12,2
DA:13,2
DA:14,2
DA:15,2
DA:16,2
DA:17,2
DA:18,2
DA:19,2
DA:20,2
DA:21,2
DA:22,2
DA:23,2
DA:24,2
DA:25,2
DA:26,2
DA:27,2
DA:28,2
DA:29,2
DA:30,2
DA:31,2
DA:32,2
DA:33,2
DA:34,2
DA:35,2
DA:36,2
DA:37,2
DA:38,2
DA:39,2
DA:40,2
DA:41,2
DA:42,2
DA:43,2
DA:44,2
DA:45,2
DA:46,1
DA:47,1
DA:48,2
DA:49,0
DA:50,0
DA:51,0
DA:52,0
DA:53,0
DA:54,2
DA:55,1
DA:56,2
DA:57,2
DA:58,0
DA:59,0
DA:60,0
DA:61,0
DA:62,0
DA:63,0
DA:64,0
DA:65,2
DA:66,0
DA:67,0
DA:68,0
DA:69,0
DA:70,0
DA:71,0
DA:72,0
DA:73,0
DA:74,0
DA:75,0
DA:76,0
DA:77,0
DA:78,0
DA:79,0
DA:80,0
DA:81,0
DA:82,0
DA:83,0
DA:84,0
DA:85,0
DA:86,0
DA:87,0
DA:88,0
DA:89,0
DA:90,0
DA:91,0
DA:92,0
DA:93,0
DA:94,0
DA:95,0
DA:96,0
DA:97,0
DA:98,0
DA:99,0
DA:100,0
DA:101,0
DA:102,0
DA:103,0
DA:104,0
DA:105,0
DA:106,0
DA:107,0
DA:108,0
DA:109,0
DA:110,0
DA:111,0
DA:112,2
DA:113,1
DA:114,0
DA:115,0
DA:116,0
DA:117,0
DA:118,0
DA:119,0
DA:120,0
DA:121,0
DA:122,0
DA:123,0
DA:124,0
DA:125,0
DA:126,0
DA:127,1
DA:128,0
DA:129,0
DA:130,0
DA:131,0
DA:132,0
DA:133,0
DA:134,1
DA:135,2
DA:136,2
DA:137,2
DA:138,2
DA:139,2
DA:140,2
DA:141,2
DA:142,1
DA:143,2
DA:144,2
DA:145,2
DA:146,2
DA:147,2
DA:148,1
DA:149,0
DA:150,0
DA:151,0
DA:152,0
DA:153,0
DA:154,0
DA:155,0
DA:156,0
DA:157,0
DA:158,0
DA:159,0
DA:160,0
DA:161,0
DA:162,0
DA:163,0
DA:164,1
DA:165,0
DA:166,0
DA:167,0
DA:168,0
DA:169,0
DA:170,0
DA:171,0
DA:172,0
DA:173,0
DA:174,1
DA:175,4
DA:176,4
DA:177,2
DA:178,2
DA:179,2
DA:180,2
DA:181,2
DA:182,2
DA:183,2
DA:184,4
DA:185,0
DA:186,0
DA:187,2
DA:188,4
DA:189,1
DA:190,1
DA:191,1
DA:192,1
DA:193,1
DA:194,1
DA:195,1
DA:196,1
DA:197,1
DA:198,1
DA:199,1
DA:200,1
DA:201,1
DA:202,1
DA:203,1
LF:203
LH:100
BRDA:1,0,0,1
BRDA:8,1,0,2
BRDA:9,2,0,0
BRDA:9,3,0,0
BRDA:27,4,0,1
BRDA:27,5,0,1
BRDA:39,6,0,0
BRDA:47,7,0,2
BRDA:49,8,0,0
BRDA:56,9,0,2
BRDA:58,10,0,0
BRDA:65,11,0,0
BRDA:135,12,0,2
BRDA:137,13,0,0
BRDA:143,14,0,2
BRDA:146,15,0,0
BRDA:175,16,0,4
BRDA:176,17,0,2
BRDA:184,18,0,0
BRDA:187,19,0,2
BRDA:190,20,0,1
BRF:21
BRH:12
end_of_record
TN:
SF:src/db.js
FN:6,discoverDbConfig
FN:20,createDb
FN:69,publicDbConfig
FN:81,redactDbError
FN:87,assertIdentifier
FN:93,quoteIdentifier
FN:97,quoteQualified
FN:101,intParam
FN:107,isReadOnlySql
FN:116,normalizeQueryResult
FN:124,rowsResult
FNF:11
FNH:9
FNDA:3,discoverDbConfig
FNDA:0,createDb
FNDA:0,publicDbConfig
FNDA:1,redactDbError
FNDA:233,assertIdentifier
FNDA:176,quoteIdentifier
FNDA:13,quoteQualified
FNDA:129,intParam
FNDA:10,isReadOnlySql
FNDA:10,normalizeQueryResult
FNDA:10,rowsResult
DA:1,7
DA:2,7
DA:3,7
DA:4,7
DA:5,7
DA:6,7
DA:7,3
DA:8,1
DA:9,1
DA:10,2
DA:11,3
DA:12,3
DA:13,3
DA:14,3
DA:15,3
DA:16,3
DA:17,3
DA:18,3
DA:19,7
DA:20,7
DA:21,0
DA:22,0
DA:23,0
DA:24,0
DA:25,0
DA:26,0
DA:27,0
DA:28,0
DA:29,0
DA:30,0
DA:31,0
DA:32,0
DA:33,0
DA:34,0
DA:35,0
DA:36,0
DA:37,0
DA:38,0
DA:39,0
DA:40,0
DA:41,0
DA:42,0
DA:43,0
DA:44,0
DA:45,0
DA:46,0
DA:47,0
DA:48,0
DA:49,0
DA:50,0
DA:51,0
DA:52,0
DA:53,0
DA:54,0
DA:55,0
DA:56,0
DA:57,0
DA:58,0
DA:59,0
DA:60,0
DA:61,0
DA:62,0
DA:63,0
DA:64,0
DA:65,0
DA:66,0
DA:67,0
DA:68,7
DA:69,7
DA:70,0
DA:71,0
DA:72,0
DA:73,0
DA:74,0
DA:75,0
DA:76,0
DA:77,0
DA:78,0
DA:79,0
DA:80,7
DA:81,7
DA:82,1
DA:83,1
DA:84,1
DA:85,1
DA:86,7
DA:87,7
DA:88,233
DA:89,233
DA:90,2
DA:91,233
DA:92,7
DA:93,7
DA:94,176
DA:95,176
DA:96,7
DA:97,7
DA:98,13
DA:99,13
DA:100,7
DA:101,7
DA:102,129
DA:103,129
DA:104,128
DA:105,129
DA:106,7
DA:107,7
DA:108,10
DA:109,10
DA:110,10
DA:111,10
DA:112,10
DA:113,10
DA:114,10
DA:115,7
DA:116,10
DA:117,10
DA:118,10
DA:119,10
DA:120,10
DA:121,10
DA:122,10
DA:123,7
DA:124,7
DA:125,10
DA:126,10
DA:127,10
DA:128,10
DA:129,10
DA:130,10
DA:131,10
DA:132,10
DA:133,10
DA:134,10
LF:134
LH:77
BRDA:1,0,0,7
BRDA:6,1,0,3
BRDA:7,2,0,1
BRDA:10,3,0,2
BRDA:11,4,0,1
BRDA:11,5,0,1
BRDA:12,6,0,1
BRDA:12,7,0,1
BRDA:12,8,0,1
BRDA:13,9,0,2
BRDA:13,10,0,2
BRDA:14,11,0,2
BRDA:14,12,0,2
BRDA:15,13,0,2
BRDA:15,14,0,2
BRDA:81,15,0,1
BRDA:87,16,0,233
BRDA:88,17,0,0
BRDA:89,18,0,231
BRDA:90,19,0,2
BRDA:93,20,0,176
BRDA:97,21,0,13
BRDA:101,22,0,129
BRDA:103,23,0,128
BRDA:103,24,0,1
BRDA:104,25,0,128
BRDA:107,26,0,10
BRDA:108,27,0,0
BRDA:112,28,0,2
BRDA:116,29,0,10
BRDA:117,30,0,9
BRDA:118,31,0,1
BRDA:118,32,0,0
BRDA:119,33,0,0
BRDA:120,34,0,0
BRDA:118,35,0,2
BRDA:124,36,0,10
BRDA:126,37,0,0
BRDA:127,38,0,0
BRDA:131,39,0,1
BRDA:132,40,0,1
BRDA:129,41,0,3
BRF:42
BRH:35
end_of_record
TN:
SF:src/duneDb.js
FN:36,UnsupportedCapabilityError
FN:44,dbStatus
FN:50,changeDunePassword
FN:56,listSchemas
FN:61,listTables
FN:78,tableColumns
FN:89,tablePrimaryKeyColumns
FN:106,validateFilterTree
FN:123,escapeLikeValue
FN:127,buildFilterWhereClause
FN:152,tableCount
FN:159,tablePreview
FN:175,updateTableRow
FN:200,listSpicefieldTypes
FN:218,updateSpicefieldType
FN:263,landsraadOverview
FN:360,updateLandsraadTaskGoal
FN:377,updateLandsraadTermTaskGoals
FN:388,updateLandsraadRewardTier
FN:422,setLandsraadPlayerContribution
FN:473,rowReference
FN:498,rowWhereSql
FN:504,updateCurrencyBalanceViaGameFunction
FN:533,manualItemEditMessage
FN:553,normalizeEditableValue
FN:569,normalizeBooleanInput
FN:578,numberParam
FN:584,searchDatabase
FN:597,runSql
FN:608,liveRefreshFeaturesForTable
FN:623,liveRefreshFeaturesForSql
FN:639,withKnownLiveRefresh
FN:706,supportsSolarisLiveRefresh
FN:717,solarisBalanceSnapshot
FN:726,emitChangedSolarisBalances
FN:742,factionReputationSnapshot
FN:754,syncChangedFactionReputation
FN:771,supportsTutorialLiveRefresh
FN:780,tutorialSnapshot
FN:792,syncChangedTutorials
FN:800,supportsJourneyLiveRefresh
FN:810,journeySnapshot
FN:839,syncChangedJourneyNodes
FN:865,supportsTagsLiveRefresh
FN:875,playerTagsSnapshot
FN:892,syncChangedPlayerTags
FN:904,supportsItemDeleteLiveRefresh
FN:913,itemSnapshot
FN:925,logDeletedItems
FN:932,supportsPlayerFactionLiveRefresh
FN:941,playerFactionSnapshot
FN:955,pledgeGuildAdminFactionIfNeeded
FN:979,syncChangedPlayerFaction
FN:992,supportsSpecializationLiveRefresh
FN:1001,specializationTrackTypes
FN:1016,validateSpecializationTrack
FN:1025,specializationSnapshot
FN:1041,syncChangedSpecializations
FN:1049,supportsKeystoneLiveRefresh
FN:1061,keystoneSnapshot
FN:1071,syncChangedKeystonePlayers
FN:1079,syncKeystoneSkillPoints
FN:1128,supportsMnemonicLiveRefresh
FN:1138,mnemonicSnapshot
FN:1156,syncChangedMnemonicLessons
FN:1168,tableExists
FN:1173,columnsFor
FN:1181,listPlayers
FN:1274,addonLeadershipPlayers
FN:1304,leadershipLevels
FN:1333,leadershipFactions
FN:1339,leadershipCurrentFactions
FN:1353,leadershipReputationFactions
FN:1371,leadershipGuilds
FN:1395,guildFactionDisplayName
FN:1401,listGuilds
FN:1445,guildMembers
FN:1484,firstExistingColumn
FN:1488,journeyIdentitySchema
FN:1498,playerJourneyIdentity
FN:1503,playerLastSeenSelect
FN:1518,playerProfile
FN:1554,playerInventory
FN:1577,playerCurrency
FN:1589,playerFactions
FN:1605,playerSpecs
FN:1635,playerSkillModules
FN:1660,addSpecializationXp
FN:1693,grantMaxSpecialization
FN:1714,resetSpecialization
FN:1735,grantAllSpecializationKeystones
FN:1754,resetAllSpecializationKeystones
FN:1772,playerPosition
FN:1792,liveMapCapabilities
FN:1842,liveMapConfigPayload
FN:1851,liveMapPartitions
FN:1869,liveMapPlayers
FN:1902,teleportOfflinePlayerToCoords
FN:1936,liveMapVehicles
FN:1963,liveMapStorage
FN:1996,liveMapBases
FN:2027,liveMapServices
FN:2050,liveMapMarkers
FN:2074,unsupportedPlayerFeature
FN:2079,listStorage
FN:2104,storageItems
FN:2108,storageCapabilities
FN:2114,exportRows
FN:2119,addCurrency
FN:2144,addFactionReputation
FN:2173,addIntel
FN:2207,playerCraftingRecipes
FN:2238,unlockCraftingRecipe
FN:2281,craftingRecipeCatalog
FN:2295,playerResearchItems
FN:2335,unlockResearchItem
FN:2377,playerJourney
FN:2449,completeJourneyNode
FN:2499,resetJourneyNode
FN:2525,completeTutorial
FN:2537,resetTutorial
FN:2547,deleteInventoryItem
FN:2577,updateInventoryItem
FN:2611,validateAugmentIds
FN:2617,isTemplateAugmentable
FN:2622,isWeaponTemplate
FN:2626,isArmorTemplate
FN:2630,buildItemStats
FN:2641,augmentInventoryItem
FN:2667,clearItemAugments
FN:2689,giveItemToStorage
FN:2729,giveItemToPlayer
FN:2777,repairGear
FN:2804,repairVehicleDecay
FN:2870,refuelVehicle
FN:2894,playerCapabilities
FN:2917,supportsIntelMutation
FN:2923,supportsCraftingRecipes
FN:2929,supportsResearchItems
FN:2935,supportsJourney
FN:2939,supportsJourneySchema
FN:2945,supportsTutorials
FN:2951,validateJourneyNodeId
FN:2957,journeyGroup
FN:2963,journeyNodeRow
FN:2981,contractNodeRow
FN:3001,isContractNode
FN:3006,contractTagsForNode
FN:3013,applyDirectJourneyTags
FN:3033,applyJourneyFactionBumps
FN:3051,materializeCraftingRecipeIfKnown
FN:3087,supportsCurrencyMutation
FN:3092,supportsFactionMutation
FN:3099,supportsInventoryDelete
FN:3105,supportsInventoryEdit
FN:3109,supportsStorageGiveItem
FN:3117,supportsPlayerGiveItem
FN:3125,supportsRepairGear
FN:3132,supportsRepairVehicleDecay
FN:3140,supportsRefuelVehicle
FN:3146,functionExists
FN:3151,requireCapability
FN:3155,resolvePlayerMutationTarget
FN:3178,playerOnline
FN:3182,requireOfflinePlayer
FN:3188,resolveCurrencyId
FN:3200,syncFactionComponent
FN:3217,mapFilterClause
FN:3224,validActorPartitionClause
FN:3230,validatePlayerIdForDb
FN:3236,resolveTeleportPartition
FN:3257,offlineTeleportPlayerExists
FN:3270,normalizeMarker
FN:3281,unsupportedMap
FN:3289,unsupported
FN:3297,emptyAddonOpsHealthPlayers
FN:3307,emptyAddonOpsHealthFarms
FN:3318,addCount
FN:3322,addonOpsHealthPlayers
FN:3355,addonOpsHealthFarms
FN:3359,boolCount
FN:3362,intSum
FN:3386,addonOpsHealthSummaryV2
FN:3395,addonOpsHealthSummary
FN:3399,discordPlayerLinksTableCreate
FN:3408,resolvePlayerByName
FN:3420,getLinkedPlayer
FN:3435,discordPlayerLink
FN:3447,discordPlayerUnlink
FN:3454,playerOwnedStorageQuery
FN:3478,guildStorageQuery
FN:3503,searchItemsInContainers
FN:3570,searchItemsInPlayerInventory
FNF:193
FNH:141
FNDA:1,UnsupportedCapabilityError
FNDA:0,dbStatus
FNDA:1,changeDunePassword
FNDA:0,listSchemas
FNDA:1,listTables
FNDA:9,tableColumns
FNDA:9,tablePrimaryKeyColumns
FNDA:1,validateFilterTree
FNDA:0,escapeLikeValue
FNDA:1,buildFilterWhereClause
FNDA:0,tableCount
FNDA:1,tablePreview
FNDA:9,updateTableRow
FNDA:1,listSpicefieldTypes
FNDA:2,updateSpicefieldType
FNDA:1,landsraadOverview
FNDA:1,updateLandsraadTaskGoal
FNDA:1,updateLandsraadTermTaskGoals
FNDA:2,updateLandsraadRewardTier
FNDA:1,setLandsraadPlayerContribution
FNDA:9,rowReference
FNDA:14,rowWhereSql
FNDA:1,updateCurrencyBalanceViaGameFunction
FNDA:5,manualItemEditMessage
FNDA:19,normalizeEditableValue
FNDA:1,normalizeBooleanInput
FNDA:7,numberParam
FNDA:0,searchDatabase
FNDA:7,runSql
FNDA:8,liveRefreshFeaturesForTable
FNDA:7,liveRefreshFeaturesForSql
FNDA:15,withKnownLiveRefresh
FNDA:1,supportsSolarisLiveRefresh
FNDA:2,solarisBalanceSnapshot
FNDA:1,emitChangedSolarisBalances
FNDA:2,factionReputationSnapshot
FNDA:1,syncChangedFactionReputation
FNDA:1,supportsTutorialLiveRefresh
FNDA:2,tutorialSnapshot
FNDA:1,syncChangedTutorials
FNDA:1,supportsJourneyLiveRefresh
FNDA:2,journeySnapshot
FNDA:1,syncChangedJourneyNodes
FNDA:1,supportsTagsLiveRefresh
FNDA:2,playerTagsSnapshot
FNDA:1,syncChangedPlayerTags
FNDA:1,supportsItemDeleteLiveRefresh
FNDA:2,itemSnapshot
FNDA:1,logDeletedItems
FNDA:1,supportsPlayerFactionLiveRefresh
FNDA:2,playerFactionSnapshot
FNDA:1,pledgeGuildAdminFactionIfNeeded
FNDA:1,syncChangedPlayerFaction
FNDA:0,supportsSpecializationLiveRefresh
FNDA:0,specializationTrackTypes
FNDA:0,validateSpecializationTrack
FNDA:0,specializationSnapshot
FNDA:0,syncChangedSpecializations
FNDA:0,supportsKeystoneLiveRefresh
FNDA:0,keystoneSnapshot
FNDA:0,syncChangedKeystonePlayers
FNDA:0,syncKeystoneSkillPoints
FNDA:0,supportsMnemonicLiveRefresh
FNDA:0,mnemonicSnapshot
FNDA:0,syncChangedMnemonicLessons
FNDA:290,tableExists
FNDA:124,columnsFor
FNDA:5,listPlayers
FNDA:2,addonLeadershipPlayers
FNDA:2,leadershipLevels
FNDA:4,leadershipFactions
FNDA:4,leadershipCurrentFactions
FNDA:2,leadershipReputationFactions
FNDA:4,leadershipGuilds
FNDA:4,guildFactionDisplayName
FNDA:6,listGuilds
FNDA:4,guildMembers
FNDA:81,firstExistingColumn
FNDA:18,journeyIdentitySchema
FNDA:24,playerJourneyIdentity
FNDA:5,playerLastSeenSelect
FNDA:2,playerProfile
FNDA:1,playerInventory
FNDA:0,playerCurrency
FNDA:0,playerFactions
FNDA:0,playerSpecs
FNDA:0,playerSkillModules
FNDA:0,addSpecializationXp
FNDA:0,grantMaxSpecialization
FNDA:0,resetSpecialization
FNDA:0,grantAllSpecializationKeystones
FNDA:0,resetAllSpecializationKeystones
FNDA:1,playerPosition
FNDA:0,liveMapCapabilities
FNDA:0,liveMapConfigPayload
FNDA:0,liveMapPartitions
FNDA:2,liveMapPlayers
FNDA:2,teleportOfflinePlayerToCoords
FNDA:0,liveMapVehicles
FNDA:0,liveMapStorage
FNDA:0,liveMapBases
FNDA:1,liveMapServices
FNDA:0,liveMapMarkers
FNDA:0,unsupportedPlayerFeature
FNDA:0,listStorage
FNDA:0,storageItems
FNDA:0,storageCapabilities
FNDA:0,exportRows
FNDA:1,addCurrency
FNDA:1,addFactionReputation
FNDA:3,addIntel
FNDA:1,playerCraftingRecipes
FNDA:2,unlockCraftingRecipe
FNDA:5,craftingRecipeCatalog
FNDA:1,playerResearchItems
FNDA:3,unlockResearchItem
FNDA:6,playerJourney
FNDA:4,completeJourneyNode
FNDA:2,resetJourneyNode
FNDA:1,completeTutorial
FNDA:1,resetTutorial
FNDA:2,deleteInventoryItem
FNDA:8,updateInventoryItem
FNDA:17,validateAugmentIds
FNDA:12,isTemplateAugmentable
FNDA:12,isWeaponTemplate
FNDA:0,isArmorTemplate
FNDA:10,buildItemStats
FNDA:7,augmentInventoryItem
FNDA:0,clearItemAugments
FNDA:4,giveItemToStorage
FNDA:7,giveItemToPlayer
FNDA:0,repairGear
FNDA:1,repairVehicleDecay
FNDA:0,refuelVehicle
FNDA:2,playerCapabilities
FNDA:5,supportsIntelMutation
FNDA:5,supportsCraftingRecipes
FNDA:6,supportsResearchItems
FNDA:0,supportsJourney
FNDA:12,supportsJourneySchema
FNDA:14,supportsTutorials
FNDA:6,validateJourneyNodeId
FNDA:14,journeyGroup
FNDA:8,journeyNodeRow
FNDA:1,contractNodeRow
FNDA:6,isContractNode
FNDA:2,contractTagsForNode
FNDA:6,applyDirectJourneyTags
FNDA:3,applyJourneyFactionBumps
FNDA:2,materializeCraftingRecipeIfKnown
FNDA:3,supportsCurrencyMutation
FNDA:4,supportsFactionMutation
FNDA:4,supportsInventoryDelete
FNDA:17,supportsInventoryEdit
FNDA:4,supportsStorageGiveItem
FNDA:7,supportsPlayerGiveItem
FNDA:2,supportsRepairGear
FNDA:3,supportsRepairVehicleDecay
FNDA:2,supportsRefuelVehicle
FNDA:30,functionExists
FNDA:61,requireCapability
FNDA:43,resolvePlayerMutationTarget
FNDA:11,playerOnline
FNDA:8,requireOfflinePlayer
FNDA:1,resolveCurrencyId
FNDA:3,syncFactionComponent
FNDA:2,mapFilterClause
FNDA:1,validActorPartitionClause
FNDA:2,validatePlayerIdForDb
FNDA:1,resolveTeleportPartition
FNDA:2,offlineTeleportPlayerExists
FNDA:1,normalizeMarker
FNDA:1,unsupportedMap
FNDA:2,unsupported
FNDA:5,emptyAddonOpsHealthPlayers
FNDA:1,emptyAddonOpsHealthFarms
FNDA:15,addCount
FNDA:5,addonOpsHealthPlayers
FNDA:5,addonOpsHealthFarms
FNDA:8,boolCount
FNDA:12,intSum
FNDA:3,addonOpsHealthSummaryV2
FNDA:1,addonOpsHealthSummary
FNDA:0,discordPlayerLinksTableCreate
FNDA:0,resolvePlayerByName
FNDA:0,getLinkedPlayer
FNDA:0,discordPlayerLink
FNDA:0,discordPlayerUnlink
FNDA:0,playerOwnedStorageQuery
FNDA:0,guildStorageQuery
FNDA:0,searchItemsInContainers
FNDA:0,searchItemsInPlayerInventory
DA:1,6
DA:2,6
DA:3,6
DA:4,6
DA:5,6
DA:6,6
DA:7,6
DA:8,6
DA:9,6
DA:10,6
DA:11,6
DA:12,6
DA:13,6
DA:14,6
DA:15,6
DA:16,6
DA:17,6
DA:18,6
DA:19,6
DA:20,6
DA:21,6
DA:22,6
DA:23,6
DA:24,6
DA:25,6
DA:26,6
DA:27,6
DA:28,6
DA:29,6
DA:30,6
DA:31,6
DA:32,6
DA:33,6
DA:34,6
DA:35,6
DA:36,6
DA:37,1
DA:38,1
DA:39,1
DA:40,1
DA:41,1
DA:42,6
DA:43,6
DA:44,6
DA:45,0
DA:46,0
DA:47,0
DA:48,0
DA:49,6
DA:50,6
DA:51,1
DA:52,1
DA:53,1
DA:54,1
DA:55,6
DA:56,6
DA:57,0
DA:58,0
DA:59,0
DA:60,6
DA:61,6
DA:62,1
DA:63,1
DA:64,1
DA:65,1
DA:66,1
DA:67,1
DA:68,1
DA:69,1
DA:70,1
DA:71,1
DA:72,1
DA:73,1
DA:74,1
DA:75,1
DA:76,1
DA:77,6
DA:78,6
DA:79,9
DA:80,9
DA:81,9
DA:82,9
DA:83,9
DA:84,9
DA:85,9
DA:86,9
DA:87,9
DA:88,6
DA:89,9
DA:90,9
DA:91,9
DA:92,9
DA:93,9
DA:94,9
DA:95,9
DA:96,9
DA:97,9
DA:98,9
DA:99,9
DA:100,9
DA:101,9
DA:102,9
DA:103,6
DA:104,6
DA:105,6
DA:106,1
DA:107,1
DA:108,1
DA:109,0
DA:110,0
DA:111,0
DA:112,0
DA:113,0
DA:114,0
DA:115,0
DA:116,0
DA:117,0
DA:118,0
DA:119,0
DA:120,0
DA:121,1
DA:122,6
DA:123,0
DA:124,0
DA:125,0
DA:126,6
DA:127,1
DA:128,1
DA:129,1
DA:130,0
DA:131,0
DA:132,0
DA:133,0
DA:134,0
DA:135,0
DA:136,0
DA:137,0
DA:138,0
DA:139,0
DA:140,0
DA:141,0
DA:142,0
DA:143,0
DA:144,0
DA:145,0
DA:146,0
DA:147,0
DA:148,0
DA:149,0
DA:150,1
DA:151,6
DA:152,6
DA:153,0
DA:154,0
DA:155,0
DA:156,0
DA:157,0
DA:158,6
DA:159,6
DA:160,1
DA:161,1
DA:162,1
DA:163,1
DA:164,1
DA:165,1
DA:166,1
DA:167,1
DA:168,1
DA:169,1
DA:170,1
DA:171,1
DA:172,1
DA:173,1
DA:174,6
DA:175,6
DA:176,9
DA:177,9
DA:178,9
DA:179,9
DA:180,9
DA:181,9
DA:182,9
DA:183,9
DA:184,9
DA:185,9
DA:186,9
DA:187,1
DA:188,1
DA:189,8
DA:190,9
DA:191,9
DA:192,9
DA:193,9
DA:194,9
DA:195,9
DA:196,9
DA:197,9
DA:198,9
DA:199,6
DA:200,6
DA:201,1
DA:202,1
DA:203,1
DA:204,1
DA:205,1
DA:206,1
DA:207,1
DA:208,1
DA:209,1
DA:210,1
DA:211,1
DA:212,1
DA:213,1
DA:214,1
DA:215,1
DA:216,1
DA:217,6
DA:218,6
DA:219,2
DA:220,2
DA:221,2
DA:222,2
DA:223,2
DA:224,2
DA:225,1
DA:226,1
DA:227,1
DA:228,1
DA:229,1
DA:230,1
DA:231,1
DA:232,1
DA:233,1
DA:234,2
DA:235,0
DA:236,0
DA:237,0
DA:238,0
DA:239,1
DA:240,1
DA:241,1
DA:242,1
DA:243,1
DA:244,1
DA:245,1
DA:246,1
DA:247,1
DA:248,1
DA:249,1
DA:250,1
DA:251,1
DA:252,1
DA:253,1
DA:254,1
DA:255,2
DA:256,0
DA:257,0
DA:258,0
DA:259,0
DA:260,2
DA:261,2
DA:262,6
DA:263,6
DA:264,1
DA:265,0
DA:266,0
DA:267,1
DA:268,1
DA:269,1
DA:270,1
DA:271,1
DA:272,1
DA:273,1
DA:274,1
DA:275,1
DA:276,1
DA:277,1
DA:278,1
DA:279,1
DA:280,1
DA:281,1
DA:282,1
DA:283,1
DA:284,1
DA:285,1
DA:286,1
DA:287,1
DA:288,1
DA:289,1
DA:290,1
DA:291,1
DA:292,1
DA:293,1
DA:294,1
DA:295,1
DA:296,1
DA:297,1
DA:298,1
DA:299,1
DA:300,1
DA:301,1
DA:302,1
DA:303,1
DA:304,1
DA:305,1
DA:306,1
DA:307,1
DA:308,1
DA:309,1
DA:310,1
DA:311,1
DA:312,1
DA:313,1
DA:314,1
DA:315,1
DA:316,1
DA:317,1
DA:318,1
DA:319,1
DA:320,1
DA:321,1
DA:322,1
DA:323,1
DA:324,1
DA:325,1
DA:326,1
DA:327,1
DA:328,1
DA:329,1
DA:330,1
DA:331,1
DA:332,1
DA:333,1
DA:334,1
DA:335,1
DA:336,1
DA:337,1
DA:338,1
DA:339,1
DA:340,1
DA:341,1
DA:342,1
DA:343,1
DA:344,1
DA:345,1
DA:346,1
DA:347,1
DA:348,1
DA:349,1
DA:350,1
DA:351,1
DA:352,1
DA:353,1
DA:354,1
DA:355,1
DA:356,1
DA:357,1
DA:358,1
DA:359,6
DA:360,6
DA:361,1
DA:362,1
DA:363,1
DA:364,1
DA:365,1
DA:366,1
DA:367,1
DA:368,1
DA:369,1
DA:370,0
DA:371,0
DA:372,0
DA:373,0
DA:374,1
DA:375,1
DA:376,6
DA:377,6
DA:378,1
DA:379,1
DA:380,1
DA:381,1
DA:382,1
DA:383,1
DA:384,1
DA:385,1
DA:386,1
DA:387,6
DA:388,6
DA:389,2
DA:390,2
DA:391,2
DA:392,2
DA:393,2
DA:394,2
DA:395,2
DA:396,2
DA:397,2
DA:398,2
DA:399,1
DA:400,1
DA:401,1
DA:402,1
DA:403,1
DA:404,1
DA:405,1
DA:406,1
DA:407,1
DA:408,1
DA:409,1
DA:410,1
DA:411,1
DA:412,1
DA:413,1
DA:414,2
DA:415,0
DA:416,0
DA:417,0
DA:418,0
DA:419,2
DA:420,2
DA:421,6
DA:422,6
DA:423,1
DA:424,1
DA:425,1
DA:426,1
DA:427,1
DA:428,1
DA:429,1
DA:430,1
DA:431,1
DA:432,1
DA:433,1
DA:434,1
DA:435,1
DA:436,1
DA:437,0
DA:438,0
DA:439,0
DA:440,0
DA:441,1
DA:442,1
DA:443,1
DA:444,1
DA:445,1
DA:446,1
DA:447,1
DA:448,1
DA:449,1
DA:450,1
DA:451,1
DA:452,1
DA:453,1
DA:454,1
DA:455,1
DA:456,1
DA:457,1
DA:458,1
DA:459,1
DA:460,1
DA:461,1
DA:462,1
DA:463,1
DA:464,1
DA:465,1
DA:466,1
DA:467,1
DA:468,1
DA:469,1
DA:470,1
DA:471,1
DA:472,6
DA:473,9
DA:474,9
DA:475,9
DA:476,8
DA:477,8
DA:478,8
DA:479,8
DA:480,9
DA:481,0
DA:482,0
DA:483,9
DA:484,9
DA:485,8
DA:486,8
DA:487,9
DA:488,8
DA:489,8
DA:490,8
DA:491,8
DA:492,8
DA:493,8
DA:494,8
DA:495,8
DA:496,9
DA:497,6
DA:498,14
DA:499,14
DA:500,14
DA:501,13
DA:502,14
DA:503,6
DA:504,1
DA:505,1
DA:506,1
DA:507,1
DA:508,1
DA:509,1
DA:510,1
DA:511,0
DA:512,0
DA:513,1
DA:514,1
DA:515,1
DA:516,1
DA:517,1
DA:518,1
DA:519,1
DA:520,1
DA:521,1
DA:522,1
DA:523,1
DA:524,1
DA:525,1
DA:526,1
DA:527,1
DA:528,1
DA:529,1
DA:530,1
DA:531,1
DA:532,6
DA:533,5
DA:534,5
DA:535,5
DA:536,5
DA:537,5
DA:538,5
DA:539,5
DA:540,5
DA:541,5
DA:542,5
DA:543,5
DA:544,5
DA:545,5
DA:546,5
DA:547,5
DA:548,0
DA:549,0
DA:550,5
DA:551,5
DA:552,6
DA:553,19
DA:554,19
DA:555,19
DA:556,19
DA:557,1
DA:558,1
DA:559,1
DA:560,1
DA:561,1
DA:562,1
DA:563,1
DA:564,1
DA:565,19
DA:566,14
DA:567,19
DA:568,6
DA:569,1
DA:570,1
DA:571,0
DA:572,0
DA:573,0
DA:574,0
DA:575,0
DA:576,1
DA:577,6
DA:578,7
DA:579,7
DA:580,7
DA:581,5
DA:582,7
DA:583,6
DA:584,6
DA:585,0
DA:586,0
DA:587,0
DA:588,0
DA:589,0
DA:590,0
DA:591,0
DA:592,0
DA:593,0
DA:594,0
DA:595,0
DA:596,6
DA:597,6
DA:598,7
DA:599,7
DA:600,7
DA:601,7
DA:602,7
DA:603,7
DA:604,7
DA:605,7
DA:606,7
DA:607,6
DA:608,8
DA:609,8
DA:610,8
DA:611,8
DA:612,8
DA:613,8
DA:614,8
DA:615,8
DA:616,8
DA:617,8
DA:618,8
DA:619,8
DA:620,8
DA:621,8
DA:622,6
DA:623,7
DA:624,7
DA:625,7
DA:626,7
DA:627,7
DA:628,7
DA:629,7
DA:630,7
DA:631,7
DA:632,7
DA:633,7
DA:634,7
DA:635,7
DA:636,7
DA:637,7
DA:638,6
DA:639,15
DA:640,15
DA:641,15
DA:642,15
DA:643,15
DA:644,15
DA:645,15
DA:646,15
DA:647,15
DA:648,15
DA:649,15
DA:650,15
DA:651,15
DA:652,15
DA:653,15
DA:654,15
DA:655,15
DA:656,15
DA:657,15
DA:658,15
DA:659,15
DA:660,15
DA:661,15
DA:662,15
DA:663,15
DA:664,1
DA:665,1
DA:666,1
DA:667,15
DA:668,1
DA:669,1
DA:670,1
DA:671,15
DA:672,1
DA:673,1
DA:674,1
DA:675,15
DA:676,1
DA:677,1
DA:678,1
DA:679,15
DA:680,1
DA:681,1
DA:682,1
DA:683,15
DA:684,1
DA:685,1
DA:686,1
DA:687,15
DA:688,1
DA:689,1
DA:690,1
DA:691,15
DA:692,0
DA:693,0
DA:694,0
DA:695,15
DA:696,0
DA:697,0
DA:698,0
DA:699,15
DA:700,0
DA:701,0
DA:702,0
DA:703,7
DA:704,15
DA:705,6
DA:706,1
DA:707,1
DA:708,1
DA:709,1
DA:710,1
DA:711,1
DA:712,1
DA:713,0
DA:714,0
DA:715,1
DA:716,6
DA:717,2
DA:718,2
DA:719,2
DA:720,2
DA:721,2
DA:722,2
DA:723,2
DA:724,2
DA:725,6
DA:726,1
DA:727,1
DA:728,1
DA:729,1
DA:730,1
DA:731,1
DA:732,1
DA:733,1
DA:734,1
DA:735,1
DA:736,1
DA:737,1
DA:738,1
DA:739,1
DA:740,1
DA:741,6
DA:742,2
DA:743,2
DA:744,2
DA:745,2
DA:746,2
DA:747,2
DA:748,2
DA:749,2
DA:750,2
DA:751,2
DA:752,2
DA:753,6
DA:754,1
DA:755,1
DA:756,1
DA:757,1
DA:758,1
DA:759,1
DA:760,1
DA:761,1
DA:762,1
DA:763,1
DA:764,1
DA:765,1
DA:766,1
DA:767,1
DA:768,1
DA:769,1
DA:770,6
DA:771,1
DA:772,1
DA:773,1
DA:774,1
DA:775,1
DA:776,0
DA:777,0
DA:778,1
DA:779,6
DA:780,2
DA:781,2
DA:782,2
DA:783,2
DA:784,2
DA:785,2
DA:786,2
DA:787,2
DA:788,2
DA:789,2
DA:790,2
DA:791,6
DA:792,1
DA:793,1
DA:794,1
DA:795,1
DA:796,1
DA:797,1
DA:798,1
DA:799,6
DA:800,1
DA:801,1
DA:802,1
DA:803,1
DA:804,1
DA:805,1
DA:806,0
DA:807,0
DA:808,1
DA:809,6
DA:810,2
DA:811,2
DA:812,2
DA:813,2
DA:814,2
DA:815,2
DA:816,2
DA:817,2
DA:818,2
DA:819,2
DA:820,2
DA:821,2
DA:822,2
DA:823,2
DA:824,2
DA:825,2
DA:826,2
DA:827,2
DA:828,2
DA:829,2
DA:830,2
DA:831,2
DA:832,2
DA:833,2
DA:834,2
DA:835,2
DA:836,2
DA:837,2
DA:838,6
DA:839,1
DA:840,1
DA:841,1
DA:842,1
DA:843,1
DA:844,1
DA:845,1
DA:846,1
DA:847,1
DA:848,1
DA:849,1
DA:850,1
DA:851,1
DA:852,1
DA:853,1
DA:854,1
DA:855,1
DA:856,1
DA:857,1
DA:858,1
DA:859,1
DA:860,1
DA:861,0
DA:862,0
DA:863,1
DA:864,6
DA:865,1
DA:866,1
DA:867,1
DA:868,1
DA:869,1
DA:870,1
DA:871,0
DA:872,0
DA:873,1
DA:874,6
DA:875,2
DA:876,2
DA:877,2
DA:878,2
DA:879,2
DA:880,2
DA:881,2
DA:882,2
DA:883,2
DA:884,2
DA:885,1
DA:886,1
DA:887,1
DA:888,1
DA:889,2
DA:890,2
DA:891,6
DA:892,1
DA:893,1
DA:894,1
DA:895,1
DA:896,1
DA:897,1
DA:898,1
DA:899,1
DA:900,1
DA:901,1
DA:902,1
DA:903,6
DA:904,1
DA:905,1
DA:906,1
DA:907,1
DA:908,1
DA:909,0
DA:910,0
DA:911,1
DA:912,6
DA:913,2
DA:914,2
DA:915,2
DA:916,2
DA:917,2
DA:918,2
DA:919,1
DA:920,1
DA:921,1
DA:922,2
DA:923,2
DA:924,6
DA:925,1
DA:926,1
DA:927,1
DA:928,1
DA:929,1
DA:930,1
DA:931,6
DA:932,1
DA:933,1
DA:934,1
DA:935,1
DA:936,1
DA:937,0
DA:938,0
DA:939,1
DA:940,6
DA:941,2
DA:942,2
DA:943,2
DA:944,2
DA:945,2
DA:946,2
DA:947,2
DA:948,2
DA:949,2
DA:950,2
DA:951,2
DA:952,2
DA:953,2
DA:954,6
DA:955,1
DA:956,1
DA:957,1
DA:958,1
DA:959,1
DA:960,1
DA:961,0
DA:962,0
DA:963,1
DA:964,1
DA:965,1
DA:966,1
DA:967,1
DA:968,1
DA:969,1
DA:970,1
DA:971,1
DA:972,1
DA:973,1
DA:974,1
DA:975,0
DA:976,0
DA:977,1
DA:978,6
DA:979,1
DA:980,1
DA:981,1
DA:982,1
DA:983,1
DA:984,1
DA:985,1
DA:986,1
DA:987,1
DA:988,0
DA:989,0
DA:990,1
DA:991,6
DA:992,0
DA:993,0
DA:994,0
DA:995,0
DA:996,0
DA:997,0
DA:998,0
DA:999,0
DA:1000,6
DA:1001,0
DA:1002,0
DA:1003,0
DA:1004,0
DA:1005,0
DA:1006,0
DA:1007,0
DA:1008,0
DA:1009,0
DA:1010,0
DA:1011,0
DA:1012,0
DA:1013,0
DA:1014,0
DA:1015,6
DA:1016,0
DA:1017,0
DA:1018,0
DA:1019,0
DA:1020,0
DA:1021,0
DA:1022,0
DA:1023,0
DA:1024,6
DA:1025,0
DA:1026,0
DA:1027,0
DA:1028,0
DA:1029,0
DA:1030,0
DA:1031,0
DA:1032,0
DA:1033,0
DA:1034,0
DA:1035,0
DA:1036,0
DA:1037,0
DA:1038,0
DA:1039,0
DA:1040,6
DA:1041,0
DA:1042,0
DA:1043,0
DA:1044,0
DA:1045,0
DA:1046,0
DA:1047,0
DA:1048,6
DA:1049,0
DA:1050,0
DA:1051,0
DA:1052,0
DA:1053,0
DA:1054,0
DA:1055,0
DA:1056,0
DA:1057,0
DA:1058,0
DA:1059,0
DA:1060,6
DA:1061,0
DA:1062,0
DA:1063,0
DA:1064,0
DA:1065,0
DA:1066,0
DA:1067,0
DA:1068,0
DA:1069,0
DA:1070,6
DA:1071,0
DA:1072,0
DA:1073,0
DA:1074,0
DA:1075,0
DA:1076,0
DA:1077,0
DA:1078,6
DA:1079,0
DA:1080,0
DA:1081,0
DA:1082,0
DA:1083,0
DA:1084,0
DA:1085,0
DA:1086,0
DA:1087,0
DA:1088,0
DA:1089,0
DA:1090,0
DA:1091,0
DA:1092,0
DA:1093,0
DA:1094,0
DA:1095,0
DA:1096,0
DA:1097,0
DA:1098,0
DA:1099,0
DA:1100,0
DA:1101,0
DA:1102,0
DA:1103,0
DA:1104,0
DA:1105,0
DA:1106,0
DA:1107,0
DA:1108,0
DA:1109,0
DA:1110,0
DA:1111,0
DA:1112,0
DA:1113,0
DA:1114,0
DA:1115,0
DA:1116,0
DA:1117,0
DA:1118,0
DA:1119,0
DA:1120,0
DA:1121,0
DA:1122,0
DA:1123,0
DA:1124,0
DA:1125,0
DA:1126,0
DA:1127,6
DA:1128,0
DA:1129,0
DA:1130,0
DA:1131,0
DA:1132,0
DA:1133,0
DA:1134,0
DA:1135,0
DA:1136,0
DA:1137,6
DA:1138,0
DA:1139,0
DA:1140,0
DA:1141,0
DA:1142,0
DA:1143,0
DA:1144,0
DA:1145,0
DA:1146,0
DA:1147,0
DA:1148,0
DA:1149,0
DA:1150,0
DA:1151,0
DA:1152,0
DA:1153,0
DA:1154,0
DA:1155,6
DA:1156,0
DA:1157,0
DA:1158,0
DA:1159,0
DA:1160,0
DA:1161,0
DA:1162,0
DA:1163,0
DA:1164,0
DA:1165,0
DA:1166,0
DA:1167,6
DA:1168,6
DA:1169,290
DA:1170,290
DA:1171,290
DA:1172,6
DA:1173,6
DA:1174,124
DA:1175,124
DA:1176,124
DA:1177,124
DA:1178,124
DA:1179,124
DA:1180,6
DA:1181,6
DA:1182,5
DA:1183,0
DA:1184,0
DA:1185,5
DA:1186,5
DA:1187,5
DA:1188,5
DA:1189,5
DA:1190,5
DA:1191,5
DA:1192,5
DA:1193,5
DA:1194,5
DA:1195,5
DA:1196,5
DA:1197,5
DA:1198,5
DA:1199,5
DA:1200,5
DA:1201,5
DA:1202,5
DA:1203,5
DA:1204,5
DA:1205,5
DA:1206,5
DA:1207,5
DA:1208,5
DA:1209,5
DA:1210,5
DA:1211,5
DA:1212,5
DA:1213,5
DA:1214,5
DA:1215,1
DA:1216,1
DA:1217,1
DA:1218,5
DA:1219,5
DA:1220,5
DA:1221,5
DA:1222,5
DA:1223,5
DA:1224,5
DA:1225,5
DA:1226,5
DA:1227,5
DA:1228,5
DA:1229,5
DA:1230,5
DA:1231,5
DA:1232,5
DA:1233,5
DA:1234,5
DA:1235,5
DA:1236,5
DA:1237,5
DA:1238,5
DA:1239,5
DA:1240,5
DA:1241,5
DA:1242,5
DA:1243,5
DA:1244,5
DA:1245,5
DA:1246,5
DA:1247,5
DA:1248,5
DA:1249,5
DA:1250,5
DA:1251,5
DA:1252,5
DA:1253,5
DA:1254,5
DA:1255,5
DA:1256,5
DA:1257,5
DA:1258,5
DA:1259,5
DA:1260,5
DA:1261,5
DA:1262,5
DA:1263,5
DA:1264,5
DA:1265,5
DA:1266,5
DA:1267,5
DA:1268,5
DA:1269,5
DA:1270,5
DA:1271,5
DA:1272,5
DA:1273,6
DA:1274,6
DA:1275,2
DA:1276,2
DA:1277,2
DA:1278,2
DA:1279,2
DA:1280,2
DA:1281,2
DA:1282,2
DA:1283,2
DA:1284,2
DA:1285,2
DA:1286,4
DA:1287,4
DA:1288,4
DA:1289,4
DA:1290,4
DA:1291,4
DA:1292,4
DA:1293,4
DA:1294,4
DA:1295,4
DA:1296,4
DA:1297,4
DA:1298,4
DA:1299,4
DA:1300,2
DA:1301,2
DA:1302,2
DA:1303,6
DA:1304,2
DA:1305,2
DA:1306,2
DA:1307,1
DA:1308,1
DA:1309,1
DA:1310,1
DA:1311,1
DA:1312,1
DA:1313,1
DA:1314,1
DA:1315,1
DA:1316,1
DA:1317,2
DA:1318,2
DA:1319,2
DA:1320,2
DA:1321,1
DA:1322,1
DA:1323,2
DA:1324,1
DA:1325,1
DA:1326,1
DA:1327,1
DA:1328,1
DA:1329,2
DA:1330,1
DA:1331,2
DA:1332,6
DA:1333,4
DA:1334,4
DA:1335,4
DA:1336,2
DA:1337,4
DA:1338,6
DA:1339,4
DA:1340,4
DA:1341,4
DA:1342,2
DA:1343,2
DA:1344,2
DA:1345,2
DA:1346,4
DA:1347,4
DA:1348,4
DA:1349,4
DA:1350,2
DA:1351,4
DA:1352,6
DA:1353,2
DA:1354,2
DA:1355,2
DA:1356,0
DA:1357,0
DA:1358,0
DA:1359,0
DA:1360,0
DA:1361,2
DA:1362,2
DA:1363,2
DA:1364,2
DA:1365,2
DA:1366,2
DA:1367,0
DA:1368,0
DA:1369,2
DA:1370,6
DA:1371,4
DA:1372,4
DA:1373,4
DA:1374,2
DA:1375,2
DA:1376,2
DA:1377,2
DA:1378,2
DA:1379,2
DA:1380,4
DA:1381,2
DA:1382,2
DA:1383,2
DA:1384,2
DA:1385,2
DA:1386,2
DA:1387,4
DA:1388,3
DA:1389,3
DA:1390,2
DA:1391,4
DA:1392,6
DA:1393,6
DA:1394,6
DA:1395,4
DA:1396,4
DA:1397,4
DA:1398,4
DA:1399,4
DA:1400,6
DA:1401,6
DA:1402,6
DA:1403,5
DA:1404,5
DA:1405,5
DA:1406,6
DA:1407,5
DA:1408,5
DA:1409,5
DA:1410,5
DA:1411,5
DA:1412,5
DA:1413,5
DA:1414,5
DA:1415,6
DA:1416,4
DA:1417,4
DA:1418,4
DA:1419,6
DA:1420,1
DA:1421,1
DA:1422,1
DA:1423,5
DA:1424,5
DA:1425,6
DA:1426,6
DA:1427,6
DA:1428,6
DA:1429,6
DA:1430,6
DA:1431,6
DA:1432,6
DA:1433,6
DA:1434,6
DA:1435,6
DA:1436,6
DA:1437,6
DA:1438,6
DA:1439,6
DA:1440,5
DA:1441,5
DA:1442,5
DA:1443,6
DA:1444,6
DA:1445,6
DA:1446,4
DA:1447,4
DA:1448,1
DA:1449,1
DA:1450,3
DA:1451,3
DA:1452,3
DA:1453,3
DA:1454,3
DA:1455,3
DA:1456,4
DA:1457,0
DA:1458,0
DA:1459,3
DA:1460,3
DA:1461,3
DA:1462,3
DA:1463,3
DA:1464,3
DA:1465,4
DA:1466,3
DA:1467,3
DA:1468,3
DA:1469,4
DA:1470,4
DA:1471,4
DA:1472,4
DA:1473,4
DA:1474,4
DA:1475,4
DA:1476,4
DA:1477,4
DA:1478,4
DA:1479,4
DA:1480,3
DA:1481,3
DA:1482,4
DA:1483,6
DA:1484,81
DA:1485,81
DA:1486,81
DA:1487,6
DA:1488,18
DA:1489,18
DA:1490,18
DA:1491,18
DA:1492,18
DA:1493,18
DA:1494,18
DA:1495,18
DA:1496,18
DA:1497,6
DA:1498,24
DA:1499,24
DA:1500,20
DA:1501,24
DA:1502,6
DA:1503,5
DA:1504,5
DA:1505,5
DA:1506,5
DA:1507,5
DA:1508,5
DA:1509,5
DA:1510,13
DA:1511,11
DA:1512,11
DA:1513,13
DA:1514,13
DA:1515,4
DA:1516,5
DA:1517,6
DA:1518,6
DA:1519,2
DA:1520,2
DA:1521,2
DA:1522,2
DA:1523,2
DA:1524,2
DA:1525,2
DA:1526,2
DA:1527,2
DA:1528,2
DA:1529,2
DA:1530,2
DA:1531,2
DA:1532,2
DA:1533,2
DA:1534,2
DA:1535,2
DA:1536,2
DA:1537,2
DA:1538,2
DA:1539,2
DA:1540,2
DA:1541,2
DA:1542,2
DA:1543,2
DA:1544,2
DA:1545,2
DA:1546,2
DA:1547,2
DA:1548,2
DA:1549,2
DA:1550,2
DA:1551,2
DA:1552,2
DA:1553,6
DA:1554,6
DA:1555,1
DA:1556,1
DA:1557,1
DA:1558,1
DA:1559,1
DA:1560,1
DA:1561,1
DA:1562,1
DA:1563,1
DA:1564,1
DA:1565,1
DA:1566,1
DA:1567,1
DA:1568,1
DA:1569,1
DA:1570,1
DA:1571,1
DA:1572,1
DA:1573,1
DA:1574,1
DA:1575,1
DA:1576,6
DA:1577,6
DA:1578,0
DA:1579,0
DA:1580,0
DA:1581,0
DA:1582,0
DA:1583,0
DA:1584,0
DA:1585,0
DA:1586,0
DA:1587,0
DA:1588,6
DA:1589,6
DA:1590,0
DA:1591,0
DA:1592,0
DA:1593,0
DA:1594,0
DA:1595,0
DA:1596,0
DA:1597,0
DA:1598,0
DA:1599,0
DA:1600,0
DA:1601,0
DA:1602,0
DA:1603,0
DA:1604,6
DA:1605,6
DA:1606,0
DA:1607,0
DA:1608,0
DA:1609,0
DA:1610,0
DA:1611,0
DA:1612,0
DA:1613,0
DA:1614,0
DA:1615,0
DA:1616,0
DA:1617,0
DA:1618,0
DA:1619,0
DA:1620,0
DA:1621,0
DA:1622,0
DA:1623,0
DA:1624,0
DA:1625,0
DA:1626,0
DA:1627,0
DA:1628,0
DA:1629,0
DA:1630,0
DA:1631,0
DA:1632,0
DA:1633,0
DA:1634,6
DA:1635,0
DA:1636,0
DA:1637,0
DA:1638,0
DA:1639,0
DA:1640,0
DA:1641,0
DA:1642,0
DA:1643,0
DA:1644,0
DA:1645,0
DA:1646,0
DA:1647,0
DA:1648,0
DA:1649,0
DA:1650,0
DA:1651,0
DA:1652,0
DA:1653,0
DA:1654,0
DA:1655,0
DA:1656,0
DA:1657,0
DA:1658,0
DA:1659,6
DA:1660,6
DA:1661,0
DA:1662,0
DA:1663,0
DA:1664,0
DA:1665,0
DA:1666,0
DA:1667,0
DA:1668,0
DA:1669,0
DA:1670,0
DA:1671,0
DA:1672,0
DA:1673,0
DA:1674,0
DA:1675,0
DA:1676,0
DA:1677,0
DA:1678,0
DA:1679,0
DA:1680,0
DA:1681,0
DA:1682,0
DA:1683,0
DA:1684,0
DA:1685,0
DA:1686,0
DA:1687,0
DA:1688,0
DA:1689,0
DA:1690,0
DA:1691,0
DA:1692,6
DA:1693,6
DA:1694,0
DA:1695,0
DA:1696,0
DA:1697,0
DA:1698,0
DA:1699,0
DA:1700,0
DA:1701,0
DA:1702,0
DA:1703,0
DA:1704,0
DA:1705,0
DA:1706,0
DA:1707,0
DA:1708,0
DA:1709,0
DA:1710,0
DA:1711,0
DA:1712,0
DA:1713,6
DA:1714,6
DA:1715,0
DA:1716,0
DA:1717,0
DA:1718,0
DA:1719,0
DA:1720,0
DA:1721,0
DA:1722,0
DA:1723,0
DA:1724,0
DA:1725,0
DA:1726,0
DA:1727,0
DA:1728,0
DA:1729,0
DA:1730,0
DA:1731,0
DA:1732,0
DA:1733,0
DA:1734,6
DA:1735,6
DA:1736,0
DA:1737,0
DA:1738,0
DA:1739,0
DA:1740,0
DA:1741,0
DA:1742,0
DA:1743,0
DA:1744,0
DA:1745,0
DA:1746,0
DA:1747,0
DA:1748,0
DA:1749,0
DA:1750,0
DA:1751,0
DA:1752,0
DA:1753,6
DA:1754,6
DA:1755,0
DA:1756,0
DA:1757,0
DA:1758,0
DA:1759,0
DA:1760,0
DA:1761,0
DA:1762,0
DA:1763,0
DA:1764,0
DA:1765,0
DA:1766,0
DA:1767,0
DA:1768,0
DA:1769,0
DA:1770,0
DA:1771,6
DA:1772,6
DA:1773,1
DA:1774,1
DA:1775,1
DA:1776,1
DA:1777,1
DA:1778,1
DA:1779,1
DA:1780,1
DA:1781,1
DA:1782,1
DA:1783,1
DA:1784,1
DA:1785,1
DA:1786,1
DA:1787,1
DA:1788,0
DA:1789,0
DA:1790,1
DA:1791,6
DA:1792,6
DA:1793,0
DA:1794,0
DA:1795,0
DA:1796,0
DA:1797,0
DA:1798,0
DA:1799,0
DA:1800,0
DA:1801,0
DA:1802,0
DA:1803,0
DA:1804,0
DA:1805,0
DA:1806,0
DA:1807,0
DA:1808,0
DA:1809,0
DA:1810,6
DA:1811,6
DA:1812,6
DA:1813,6
DA:1814,6
DA:1815,6
DA:1816,6
DA:1817,6
DA:1818,6
DA:1819,6
DA:1820,6
DA:1821,6
DA:1822,6
DA:1823,6
DA:1824,6
DA:1825,6
DA:1826,6
DA:1827,6
DA:1828,6
DA:1829,6
DA:1830,6
DA:1831,6
DA:1832,6
DA:1833,6
DA:1834,6
DA:1835,6
DA:1836,6
DA:1837,6
DA:1838,6
DA:1839,6
DA:1840,6
DA:1841,6
DA:1842,6
DA:1843,0
DA:1844,0
DA:1845,0
DA:1846,0
DA:1847,0
DA:1848,0
DA:1849,0
DA:1850,6
DA:1851,6
DA:1852,0
DA:1853,0
DA:1854,0
DA:1855,0
DA:1856,0
DA:1857,0
DA:1858,0
DA:1859,0
DA:1860,0
DA:1861,0
DA:1862,0
DA:1863,0
DA:1864,0
DA:1865,0
DA:1866,0
DA:1867,0
DA:1868,6
DA:1869,6
DA:1870,2
DA:1871,2
DA:1872,2
DA:1873,2
DA:1874,2
DA:1875,2
DA:1876,2
DA:1877,2
DA:1878,2
DA:1879,2
DA:1880,2
DA:1881,2
DA:1882,2
DA:1883,2
DA:1884,2
DA:1885,2
DA:1886,2
DA:1887,2
DA:1888,2
DA:1889,2
DA:1890,2
DA:1891,2
DA:1892,2
DA:1893,2
DA:1894,2
DA:1895,2
DA:1896,1
DA:1897,2
DA:1898,0
DA:1899,0
DA:1900,2
DA:1901,6
DA:1902,6
DA:1903,2
DA:1904,2
DA:1905,2
DA:1906,1
DA:1907,1
DA:1908,1
DA:1909,1
DA:1910,1
DA:1911,2
DA:1912,0
DA:1913,0
DA:1914,1
DA:1915,2
DA:1916,0
DA:1917,0
DA:1918,0
DA:1919,0
DA:1920,0
DA:1921,1
DA:1922,1
DA:1923,1
DA:1924,1
DA:1925,1
DA:1926,1
DA:1927,1
DA:1928,1
[...]
DA:154,0
DA:155,4
DA:156,2
DA:157,2
DA:158,0
DA:159,0
DA:160,0
DA:161,0
DA:162,4
DA:163,4
DA:164,4
DA:165,1
DA:166,4
DA:167,4
DA:168,40
DA:169,37
DA:170,37
DA:171,37
DA:172,4
DA:173,1
DA:174,21
DA:175,21
DA:176,9
DA:177,0
DA:178,21
DA:179,1
DA:180,40
DA:181,40
DA:182,16
DA:183,40
DA:184,1
DA:185,37
DA:186,37
DA:187,37
DA:188,37
DA:189,2
DA:190,2
DA:191,35
DA:192,37
DA:193,1
DA:194,4
DA:195,4
DA:196,4
DA:197,4
DA:198,4
DA:199,1
DA:200,4
DA:201,4
DA:202,4
DA:203,4
DA:204,4
LF:204
LH:196
BRDA:1,0,0,1
BRDA:42,1,0,4
BRDA:44,2,0,7
BRDA:48,3,0,2
BRDA:50,4,0,0
BRDA:62,5,0,3
BRDA:63,6,0,1
BRDA:63,7,0,2
BRDA:65,8,0,1
BRDA:65,9,0,2
BRDA:72,10,0,10
BRDA:73,11,0,0
BRDA:77,12,0,89
BRDA:78,13,0,0
BRDA:79,14,0,52
BRDA:80,15,0,0
BRDA:84,16,0,37
BRDA:89,17,0,8
BRDA:89,18,0,2
BRDA:92,19,0,6
BRDA:95,20,0,3
BRDA:97,21,0,0
BRDA:100,22,0,31
BRDA:103,23,0,3
BRDA:108,24,0,28
BRDA:108,25,0,16
BRDA:108,26,0,2
BRDA:109,27,0,26
BRDA:109,28,0,22
BRDA:109,29,0,22
BRDA:109,30,0,4
BRDA:110,31,0,22
BRDA:111,32,0,0
BRDA:112,33,0,22
BRDA:113,34,0,1
BRDA:114,35,0,21
BRDA:119,36,0,4
BRDA:121,37,0,2
BRDA:128,38,0,18
BRDA:130,39,0,4
BRDA:131,40,0,2
BRDA:131,41,0,2
BRDA:131,42,0,2
BRDA:140,43,0,14
BRDA:142,44,0,7
BRDA:142,45,0,5
BRDA:144,46,0,3
BRDA:150,47,0,11
BRDA:150,48,0,6
BRDA:150,49,0,9
BRDA:153,50,0,2
BRDA:153,51,0,0
BRDA:153,52,0,0
BRDA:155,53,0,2
BRDA:157,54,0,0
BRDA:166,55,0,4
BRDA:167,56,0,40
BRDA:168,57,0,3
BRDA:169,58,0,37
BRDA:174,59,0,21
BRDA:175,60,0,12
BRDA:176,61,0,9
BRDA:177,62,0,0
BRDA:180,63,0,40
BRDA:181,64,0,24
BRDA:181,65,0,16
BRDA:181,66,0,8
BRDA:182,67,0,16
BRDA:185,68,0,37
BRDA:186,69,0,36
BRDA:186,70,0,1
BRDA:186,71,0,0
BRDA:187,72,0,10
BRDA:187,73,0,27
BRDA:188,74,0,36
BRDA:188,75,0,35
BRDA:188,76,0,2
BRDA:191,77,0,35
BRDA:194,78,0,4
BRDA:196,79,0,6
BRDA:196,80,0,2
BRDA:200,81,0,4
BRF:82
BRH:71
end_of_record
TN:
SF:src/services/memoryBalancer.js
FN:16,createMemoryBalancer
FN:28,readLiveRows
FN:33,captureBaseline
FN:42,restoreBaseline
FN:58,tick
FN:102,setEnabled
FN:123,publicState
FN:143,memoryBalancerSettingsPath
FN:147,readMemoryBalancerSettings
FN:158,writeMemoryBalancerSettings
FN:165,configuredMemoryLimitsByContainer
FN:182,memoryTargetForContainer
FN:190,partitionIdFromContainer
FN:195,configuredMemoryForPartition
FN:203,parseMemorySettingBytes
FN:208,selectMemoryBalancerDonor
FN:222,percentAfterMemoryDonation
FN:227,minimumBalancerLimit
FN:231,dockerUpdateMemoryLimit
FN:235,dockerMemoryUpdateArgs
FN:240,dockerMemoryArg
FN:244,parseDockerStatsRow
FN:263,parseMemoryUsage
FN:274,parseDockerBytes
FN:283,mapFromContainerName
FN:291,runProcessText
FN:318,roundPercent
FNF:27
FNH:17
FNDA:1,createMemoryBalancer
FNDA:1,readLiveRows
FNDA:0,captureBaseline
FNDA:1,restoreBaseline
FNDA:0,tick
FNDA:1,setEnabled
FNDA:2,publicState
FNDA:2,memoryBalancerSettingsPath
FNDA:1,readMemoryBalancerSettings
FNDA:1,writeMemoryBalancerSettings
FNDA:1,configuredMemoryLimitsByContainer
FNDA:0,memoryTargetForContainer
FNDA:0,partitionIdFromContainer
FNDA:0,configuredMemoryForPartition
FNDA:0,parseMemorySettingBytes
FNDA:0,selectMemoryBalancerDonor
FNDA:0,percentAfterMemoryDonation
FNDA:0,minimumBalancerLimit
FNDA:0,dockerUpdateMemoryLimit
FNDA:1,dockerMemoryUpdateArgs
FNDA:1,dockerMemoryArg
FNDA:18,parseDockerStatsRow
FNDA:5,parseMemoryUsage
FNDA:10,parseDockerBytes
FNDA:5,mapFromContainerName
FNDA:1,runProcessText
FNDA:5,roundPercent
DA:1,1
DA:2,1
DA:3,1
DA:4,1
DA:5,1
DA:6,1
DA:7,1
DA:8,1
DA:9,1
DA:10,1
DA:11,1
DA:12,1
DA:13,1
DA:14,1
DA:15,1
DA:16,1
DA:17,1
DA:18,1
DA:19,1
DA:20,1
DA:21,1
DA:22,1
DA:23,1
DA:24,1
DA:25,1
DA:26,1
DA:27,1
DA:28,1
DA:29,1
DA:30,1
DA:31,1
DA:32,1
DA:33,1
DA:34,0
DA:35,0
DA:36,0
DA:37,0
DA:38,0
DA:39,0
DA:40,0
DA:41,1
DA:42,1
DA:43,1
DA:44,1
DA:45,1
DA:46,0
DA:47,0
DA:48,1
DA:49,0
DA:50,0
DA:51,0
DA:52,0
DA:53,0
DA:54,0
DA:55,1
DA:56,1
DA:57,1
DA:58,1
DA:59,0
DA:60,0
DA:61,0
DA:62,0
DA:63,0
DA:64,0
DA:65,0
DA:66,0
DA:67,0
DA:68,0
DA:69,0
DA:70,0
DA:71,0
DA:72,0
DA:73,0
DA:74,0
DA:75,0
DA:76,0
DA:77,0
DA:78,0
DA:79,0
DA:80,0
DA:81,0
DA:82,0
DA:83,0
DA:84,0
DA:85,0
DA:86,0
DA:87,0
DA:88,0
DA:89,0
DA:90,0
DA:91,0
DA:92,0
DA:93,0
DA:94,0
DA:95,0
DA:96,0
DA:97,0
DA:98,0
DA:99,0
DA:100,0
DA:101,1
DA:102,1
DA:103,1
DA:104,1
DA:105,1
DA:106,1
DA:107,1
DA:108,1
DA:109,0
DA:110,0
DA:111,0
DA:112,0
DA:113,1
DA:114,1
DA:115,1
DA:116,1
DA:117,1
DA:118,1
DA:119,1
DA:120,1
DA:121,1
DA:122,1
DA:123,1
DA:124,2
DA:125,2
DA:126,2
DA:127,2
DA:128,2
DA:129,2
DA:130,2
DA:131,2
DA:132,2
DA:133,1
DA:134,1
DA:135,1
DA:136,1
DA:137,1
DA:138,1
DA:139,1
DA:140,1
DA:141,1
DA:142,1
DA:143,2
DA:144,2
DA:145,2
DA:146,1
DA:147,1
DA:148,1
DA:149,1
DA:150,1
DA:151,1
DA:152,1
DA:153,1
DA:154,0
DA:155,0
DA:156,1
DA:157,1
DA:158,1
DA:159,1
DA:160,1
DA:161,1
DA:162,1
DA:163,1
DA:164,1
DA:165,1
DA:166,1
DA:167,1
DA:168,1
DA:169,1
DA:170,1
DA:171,1
DA:172,1
DA:173,1
DA:174,0
DA:175,0
DA:176,0
DA:177,0
DA:178,0
DA:179,0
DA:180,1
DA:181,1
DA:182,0
DA:183,0
DA:184,0
DA:185,0
DA:186,0
DA:187,0
DA:188,0
DA:189,1
DA:190,0
DA:191,0
DA:192,0
DA:193,0
DA:194,1
DA:195,0
DA:196,0
DA:197,0
DA:198,0
DA:199,0
DA:200,0
DA:201,0
DA:202,1
DA:203,0
DA:204,0
DA:205,0
DA:206,0
DA:207,1
DA:208,0
DA:209,0
DA:210,0
DA:211,0
DA:212,0
DA:213,0
DA:214,0
DA:215,0
DA:216,0
DA:217,0
DA:218,0
DA:219,0
DA:220,0
DA:221,1
DA:222,0
DA:223,0
DA:224,0
DA:225,0
DA:226,1
DA:227,0
DA:228,0
DA:229,0
DA:230,1
DA:231,0
DA:232,0
DA:233,0
DA:234,1
DA:235,1
DA:236,1
DA:237,1
DA:238,1
DA:239,1
DA:240,1
DA:241,1
DA:242,1
DA:243,1
DA:244,1
DA:245,18
DA:246,18
DA:247,18
DA:248,18
DA:249,18
DA:250,18
DA:251,18
DA:252,18
DA:253,18
DA:254,18
DA:255,18
DA:256,18
DA:257,18
DA:258,18
DA:259,0
DA:260,0
DA:261,18
DA:262,1
DA:263,5
DA:264,5
DA:265,5
DA:266,5
DA:267,5
DA:268,5
DA:269,5
DA:270,5
DA:271,5
DA:272,5
DA:273,1
DA:274,1
DA:275,10
DA:276,10
DA:277,10
DA:278,10
DA:279,10
DA:280,10
DA:281,10
DA:282,1
DA:283,5
DA:284,5
DA:285,5
DA:286,5
DA:287,5
DA:288,1
DA:289,5
DA:290,1
DA:291,1
DA:292,1
DA:293,1
DA:294,1
DA:295,1
DA:296,1
DA:297,1
DA:298,1
DA:299,1
DA:300,1
DA:301,0
DA:302,0
DA:303,1
DA:304,1
DA:305,1
DA:306,1
DA:307,0
DA:308,0
DA:309,1
DA:310,1
DA:311,1
DA:312,1
DA:313,0
DA:314,1
DA:315,1
DA:316,1
DA:317,1
DA:318,5
DA:319,5
DA:320,5
LF:320
LH:199
BRDA:1,0,0,1
BRDA:16,1,0,1
BRDA:22,2,0,0
BRDA:28,3,0,1
BRDA:30,4,0,17
BRDA:42,5,0,1
BRDA:45,6,0,0
BRDA:48,7,0,0
BRDA:43,8,0,1
BRDA:102,9,0,1
BRDA:108,10,0,0
BRDA:123,11,0,2
BRDA:143,12,0,2
BRDA:144,13,0,0
BRDA:147,14,0,1
BRDA:150,15,0,0
BRDA:153,16,0,0
BRDA:158,17,0,1
BRDA:162,18,0,0
BRDA:165,19,0,1
BRDA:170,20,0,0
BRDA:173,21,0,0
BRDA:235,22,0,1
BRDA:240,23,0,1
BRDA:244,24,0,18
BRDA:247,25,0,0
BRDA:247,26,0,0
BRDA:248,27,0,13
BRDA:249,28,0,5
BRDA:249,29,0,0
BRDA:249,30,0,0
BRDA:255,31,0,0
BRDA:255,32,0,0
BRDA:255,33,0,0
BRDA:256,34,0,0
BRDA:258,35,0,0
BRDA:263,36,0,5
BRDA:264,37,0,0
BRDA:270,38,0,0
BRDA:264,39,0,10
BRDA:274,40,0,10
BRDA:275,41,0,0
BRDA:276,42,0,0
BRDA:277,43,0,0
BRDA:278,44,0,0
BRDA:280,45,0,0
BRDA:283,46,0,5
BRDA:284,47,0,1
BRDA:285,48,0,4
BRDA:285,49,0,0
BRDA:286,50,0,4
BRDA:286,51,0,2
BRDA:287,52,0,1
BRDA:291,53,0,1
BRDA:292,54,0,1
BRDA:304,55,0,1
BRDA:310,56,0,1
BRDA:313,57,0,0
BRDA:318,58,0,5
BRF:59
BRH:31
end_of_record
TN:
SF:src/services/messageOfTheDay.js
FN:16,readMessageOfTheDay
FN:23,saveMessageOfTheDay
FN:29,restoreMessageOfTheDay
FN:36,primeMessageOfTheDayOnlineState
FN:50,runMessageOfTheDayScan
FN:111,normalizeSettings
FN:119,messageOfTheDayDeliveryPlan
FN:133,readSettings
FN:141,readState
FN:150,normalizePlayer
FN:168,onlinePlayerList
FN:177,sameSession
FN:183,shouldRetainDeliveredSession
FN:190,isSessionMature
FN:196,parseSessionTime
FN:204,normalizeSessionTimestamp
FN:209,sessionTime
FN:213,normalizeBoolean
FN:218,normalizeMessage
FN:224,settingsPath
FN:228,statePath
FN:232,writeJson
FNF:22
FNH:22
FNDA:1,readMessageOfTheDay
FNDA:11,saveMessageOfTheDay
FNDA:1,restoreMessageOfTheDay
FNDA:1,primeMessageOfTheDayOnlineState
FNDA:23,runMessageOfTheDayScan
FNDA:38,normalizeSettings
FNDA:1,messageOfTheDayDeliveryPlan
FNDA:24,readSettings
FNDA:23,readState
FNDA:23,normalizePlayer
FNDA:24,onlinePlayerList
FNDA:7,sameSession
FNDA:3,shouldRetainDeliveredSession
FNDA:14,isSessionMature
FNDA:17,parseSessionTime
FNDA:14,normalizeSessionTimestamp
FNDA:2,sessionTime
FNDA:38,normalizeBoolean
FNDA:37,normalizeMessage
FNDA:36,settingsPath
FNDA:48,statePath
FNDA:37,writeJson
DA:1,1
DA:2,1
DA:3,1
DA:4,1
DA:5,1
DA:6,1
DA:7,1
DA:8,1
DA:9,1
DA:10,1
DA:11,1
DA:12,1
DA:13,1
DA:14,1
DA:15,1
DA:16,1
DA:17,1
DA:18,1
DA:19,1
DA:20,1
DA:21,1
DA:22,1
DA:23,1
DA:24,11
DA:25,11
DA:26,11
DA:27,11
DA:28,1
DA:29,1
DA:30,1
DA:31,1
DA:32,1
DA:33,1
DA:34,1
DA:35,1
DA:36,1
DA:37,1
DA:38,1
DA:39,1
DA:40,1
DA:41,1
DA:42,1
DA:43,1
DA:44,1
DA:45,1
DA:46,1
DA:47,1
DA:48,1
DA:49,1
DA:50,1
DA:51,23
DA:52,23
DA:53,23
DA:54,23
DA:55,23
DA:56,23
DA:57,23
DA:58,23
DA:59,23
DA:60,9
DA:61,9
DA:62,6
DA:63,9
DA:64,1
DA:65,1
DA:66,9
DA:67,23
DA:68,23
DA:69,23
DA:70,12
DA:71,12
DA:72,12
DA:73,11
DA:74,11
DA:75,11
DA:76,11
DA:77,23
DA:78,23
DA:79,23
DA:80,23
DA:81,11
DA:82,11
DA:83,11
DA:84,11
DA:85,0
DA:86,0
DA:87,0
DA:88,0
DA:89,0
DA:90,0
DA:91,0
DA:92,0
DA:93,0
DA:94,0
DA:95,11
DA:96,11
DA:97,11
DA:98,11
DA:99,11
DA:100,11
DA:101,11
DA:102,0
DA:103,0
DA:104,0
DA:105,11
DA:106,11
DA:107,11
DA:108,11
DA:109,23
DA:110,1
DA:111,1
DA:112,38
DA:113,38
DA:114,38
DA:115,38
DA:116,38
DA:117,38
DA:118,1
DA:119,1
DA:120,1
DA:121,1
DA:122,1
DA:123,1
DA:124,2
DA:125,2
DA:126,2
DA:127,1
DA:128,1
DA:129,1
DA:130,1
DA:131,1
DA:132,1
DA:133,24
DA:134,24
DA:135,24
DA:136,24
DA:137,1
DA:138,1
DA:139,24
DA:140,1
DA:141,23
DA:142,23
DA:143,23
DA:144,23
DA:145,23
DA:146,9
DA:147,9
DA:148,23
DA:149,1
DA:150,23
DA:151,23
DA:152,23
DA:153,23
DA:154,23
DA:155,23
DA:156,23
DA:157,23
DA:158,23
DA:159,23
DA:160,23
DA:161,23
DA:162,23
DA:163,23
DA:164,23
DA:165,23
DA:166,23
DA:167,1
DA:168,24
DA:169,24
DA:170,24
DA:171,21
DA:172,21
DA:173,21
DA:174,24
DA:175,24
DA:176,1
DA:177,7
DA:178,7
DA:179,7
DA:180,7
DA:181,7
DA:182,1
DA:183,3
DA:184,3
DA:185,1
DA:186,3
DA:187,1
DA:188,3
DA:189,1
DA:190,14
DA:191,14
DA:192,14
DA:193,11
DA:194,14
DA:195,1
DA:196,17
DA:197,17
DA:198,17
DA:199,14
DA:200,14
DA:201,17
DA:202,17
DA:203,1
DA:204,14
DA:205,14
DA:206,14
DA:207,14
DA:208,1
DA:209,2
DA:210,2
DA:211,2
DA:212,1
DA:213,38
DA:214,38
DA:215,1
DA:216,38
DA:217,1
DA:218,37
DA:219,37
DA:220,37
DA:221,37
DA:222,37
DA:223,1
DA:224,36
DA:225,36
DA:226,36
DA:227,1
DA:228,48
DA:229,48
DA:230,48
DA:231,1
DA:232,37
DA:233,37
DA:234,37
DA:235,37
DA:236,37
DA:237,37
DA:238,0
DA:239,0
DA:240,37
LF:240
LH:225
BRDA:1,0,0,1
BRDA:16,1,0,1
BRDA:23,2,0,11
BRDA:29,3,0,1
BRDA:36,4,0,1
BRDA:38,5,0,0
BRDA:38,6,0,1
BRDA:50,7,0,23
BRDA:52,8,0,0
BRDA:53,9,0,0
BRDA:56,10,0,10
BRDA:56,11,0,13
BRDA:59,12,0,0
BRDA:59,13,0,9
BRDA:61,14,0,6
BRDA:62,15,0,5
BRDA:63,16,0,3
BRDA:63,17,0,1
BRDA:69,18,0,12
BRDA:73,19,0,11
BRDA:77,20,0,0
BRDA:78,21,0,11
BRDA:78,22,0,0
BRDA:79,23,0,0
BRDA:80,24,0,0
BRDA:80,25,0,11
BRDA:82,26,0,0
BRDA:84,27,0,0
BRDA:101,28,0,0
BRDA:60,29,0,6
BRDA:68,30,0,19
BRDA:68,31,0,14
BRDA:111,32,0,38
BRDA:115,33,0,0
BRDA:115,34,0,0
BRDA:119,35,0,1
BRDA:123,36,0,0
BRDA:123,37,0,2
BRDA:125,38,0,1
BRDA:125,39,0,1
BRDA:129,40,0,0
BRDA:124,41,0,2
BRDA:128,42,0,1
BRDA:133,43,0,24
BRDA:136,44,0,1
BRDA:141,45,0,23
BRDA:144,46,0,14
BRDA:144,47,0,14
BRDA:144,48,0,14
BRDA:144,49,0,14
BRDA:144,50,0,0
BRDA:145,51,0,9
BRDA:150,52,0,23
BRDA:151,53,0,0
BRDA:151,54,0,0
BRDA:151,55,0,0
BRDA:152,56,0,0
BRDA:152,57,0,0
BRDA:152,58,0,0
BRDA:153,59,0,0
BRDA:153,60,0,0
BRDA:153,61,0,0
BRDA:154,62,0,0
BRDA:154,63,0,0
BRDA:154,64,0,0
BRDA:154,65,0,0
BRDA:154,66,0,0
BRDA:155,67,0,8
BRDA:155,68,0,8
BRDA:155,69,0,8
BRDA:155,70,0,8
BRDA:156,71,0,0
BRDA:156,72,0,0
BRDA:164,73,0,0
BRDA:168,74,0,24
BRDA:170,75,0,21
BRDA:172,76,0,1
BRDA:170,77,0,22
BRDA:177,78,0,7
BRDA:178,79,0,3
BRDA:179,80,0,3
BRDA:180,81,0,4
BRDA:180,82,0,0
BRDA:183,83,0,3
BRDA:184,84,0,2
BRDA:184,85,0,2
BRDA:185,86,0,1
BRDA:186,87,0,0
BRDA:187,88,0,1
BRDA:190,89,0,14
BRDA:192,90,0,3
BRDA:193,91,0,11
BRDA:196,92,0,17
BRDA:197,93,0,3
BRDA:198,94,0,3
BRDA:199,95,0,14
BRDA:201,96,0,0
BRDA:204,97,0,14
BRDA:205,98,0,6
BRDA:205,99,0,6
BRDA:205,100,0,8
BRDA:209,101,0,2
BRDA:210,102,0,0
BRDA:213,103,0,38
BRDA:214,104,0,1
BRDA:214,105,0,37
BRDA:215,106,0,1
BRDA:218,107,0,37
BRDA:219,108,0,0
BRDA:220,109,0,0
BRDA:224,110,0,36
BRDA:225,111,0,0
BRDA:228,112,0,48
BRDA:229,113,0,0
BRDA:232,114,0,37
BRDA:237,115,0,0
BRF:116
BRH:74
end_of_record
TN:
SF:src/services/playerAnnouncements.js
FN:61,readPlayerAnnouncements
FN:68,savePlayerAnnouncements
FN:74,restorePlayerAnnouncements
FN:81,primePlayerAnnouncementOnlineState
FN:87,runPlayerAnnouncementScan
FN:169,previewPlayerAnnouncement
FN:174,normalizeSettings
FN:183,readSettings
FN:191,readState
FN:200,onlineMap
FN:208,normalizePlayer
FN:232,sameSession
FN:238,isSessionMature
FN:244,parseSessionTime
FN:252,normalizeSessionTimestamp
FN:257,renderPlayerMessage
FN:265,eventRecipients
FN:270,sameMapAndDimension
FN:274,normalizeDimension
FN:279,friendlyMapName
FN:297,chatMapName
FN:303,normalizeTemplate
FN:310,normalizeBoolean
FN:315,settingsPath
FN:319,statePath
FN:323,writeJson
FNF:26
FNH:26
FNDA:1,readPlayerAnnouncements
FNDA:11,savePlayerAnnouncements
FNDA:1,restorePlayerAnnouncements
FNDA:3,primePlayerAnnouncementOnlineState
FNDA:23,runPlayerAnnouncementScan
FNDA:1,previewPlayerAnnouncement
FNDA:39,normalizeSettings
FNDA:24,readSettings
FNDA:23,readState
FNDA:26,onlineMap
FNDA:30,normalizePlayer
FNDA:13,sameSession
FNDA:16,isSessionMature
FNDA:16,parseSessionTime
FNDA:12,normalizeSessionTimestamp
FNDA:19,renderPlayerMessage
FNDA:18,eventRecipients
FNDA:39,sameMapAndDimension
FNDA:88,normalizeDimension
FNDA:30,friendlyMapName
FNDA:30,chatMapName
FNDA:75,normalizeTemplate
FNDA:76,normalizeBoolean
FNDA:36,settingsPath
FNDA:50,statePath
FNDA:39,writeJson
DA:1,1
DA:2,1
DA:3,1
DA:4,1
DA:5,1
DA:6,1
DA:7,1
DA:8,1
DA:9,1
DA:10,1
DA:11,1
DA:12,1
DA:13,1
DA:14,1
DA:15,1
DA:16,1
DA:17,1
DA:18,1
DA:19,1
DA:20,1
DA:21,1
DA:22,1
DA:23,1
DA:24,1
DA:25,1
DA:26,1
DA:27,1
DA:28,1
DA:29,1
DA:30,1
DA:31,1
DA:32,1
DA:33,1
DA:34,1
DA:35,1
DA:36,1
DA:37,1
DA:38,1
DA:39,1
DA:40,1
DA:41,1
DA:42,1
DA:43,1
DA:44,1
DA:45,1
DA:46,1
DA:47,1
DA:48,1
DA:49,1
DA:50,1
DA:51,1
DA:52,1
DA:53,1
DA:54,1
DA:55,1
DA:56,1
DA:57,1
DA:58,1
DA:59,1
DA:60,1
DA:61,1
DA:62,1
DA:63,1
DA:64,1
DA:65,1
DA:66,1
DA:67,1
DA:68,1
DA:69,11
DA:70,11
DA:71,11
DA:72,11
DA:73,1
DA:74,1
DA:75,1
DA:76,1
DA:77,1
DA:78,1
DA:79,1
DA:80,1
DA:81,1
DA:82,3
DA:83,3
DA:84,3
DA:85,3
DA:86,1
DA:87,1
DA:88,23
DA:89,23
DA:90,23
DA:91,23
DA:92,23
DA:93,23
DA:94,23
DA:95,23
DA:96,23
DA:97,26
DA:98,26
DA:99,16
DA:100,16
DA:101,3
DA:102,16
DA:103,16
DA:104,16
DA:105,26
DA:106,1
DA:107,1
DA:108,1
DA:109,26
DA:110,23
DA:111,10
DA:112,11
DA:113,11
DA:114,10
DA:115,23
DA:116,23
DA:117,23
DA:118,23
DA:119,23
DA:120,23
DA:121,23
DA:122,23
DA:123,18
DA:124,18
DA:125,18
DA:126,2
DA:127,2
DA:128,2
DA:129,2
DA:130,18
DA:131,16
DA:132,16
DA:133,18
DA:134,0
DA:135,0
DA:136,0
DA:137,0
DA:138,0
DA:139,0
DA:140,0
DA:141,0
DA:142,0
DA:143,0
DA:144,0
DA:145,18
DA:146,0
DA:147,0
DA:148,0
DA:149,18
DA:150,23
DA:151,23
DA:152,23
DA:153,3
DA:154,2
DA:155,3
DA:156,23
DA:157,23
DA:158,23
DA:159,23
DA:160,23
DA:161,23
DA:162,23
DA:163,23
DA:164,23
DA:165,23
DA:166,23
DA:167,23
DA:168,1
DA:169,1
DA:170,1
DA:171,1
DA:172,1
DA:173,1
DA:174,1
DA:175,39
DA:176,39
DA:177,39
DA:178,39
DA:179,39
DA:180,39
DA:181,39
DA:182,1
DA:183,24
DA:184,24
DA:185,24
DA:186,24
DA:187,1
DA:188,1
DA:189,24
DA:190,1
DA:191,23
DA:192,23
DA:193,23
DA:194,23
DA:195,23
DA:196,7
DA:197,7
DA:198,23
DA:199,1
DA:200,26
DA:201,26
DA:202,26
DA:203,29
DA:204,29
DA:205,26
DA:206,26
DA:207,1
DA:208,30
DA:209,30
DA:210,30
DA:211,30
DA:212,30
DA:213,30
DA:214,30
DA:215,30
DA:216,30
DA:217,30
DA:218,30
DA:219,30
DA:220,30
DA:221,30
DA:222,30
DA:223,30
DA:224,30
DA:225,30
DA:226,30
DA:227,30
DA:228,30
DA:229,30
DA:230,30
DA:231,1
DA:232,13
DA:233,13
DA:234,13
DA:235,13
DA:236,13
DA:237,1
DA:238,16
DA:239,16
DA:240,16
DA:241,12
DA:242,16
DA:243,1
DA:244,16
DA:245,16
DA:246,16
DA:247,12
DA:248,12
DA:249,16
DA:250,16
DA:251,1
DA:252,12
DA:253,12
DA:254,12
DA:255,12
DA:256,1
DA:257,19
DA:258,19
DA:259,19
DA:260,19
DA:261,19
DA:262,19
DA:263,19
DA:264,1
DA:265,18
DA:266,18
DA:267,18
DA:268,18
DA:269,1
DA:270,39
DA:271,39
DA:272,39
DA:273,1
DA:274,88
DA:275,88
DA:276,88
DA:277,88
DA:278,1
DA:279,30
DA:280,30
DA:281,30
DA:282,30
DA:283,0
DA:284,0
DA:285,0
DA:286,0
DA:287,0
DA:288,0
DA:289,0
DA:290,0
DA:291,0
DA:292,0
DA:293,0
DA:294,0
DA:295,30
DA:296,1
DA:297,30
DA:298,30
DA:299,30
DA:300,30
DA:301,30
DA:302,1
DA:303,75
DA:304,75
DA:305,75
DA:306,75
DA:307,72
DA:308,75
DA:309,1
DA:310,76
DA:311,76
DA:312,1
DA:313,76
DA:314,1
DA:315,36
DA:316,36
DA:317,36
DA:318,1
DA:319,50
DA:320,50
DA:321,50
DA:322,1
DA:323,39
DA:324,39
DA:325,39
DA:326,39
DA:327,39
DA:328,39
DA:329,0
DA:330,0
DA:331,39
LF:331
LH:303
BRDA:1,0,0,1
BRDA:61,1,0,1
BRDA:68,2,0,11
BRDA:74,3,0,1
BRDA:81,4,0,3
BRDA:87,5,0,23
BRDA:90,6,0,0
BRDA:91,7,0,7
BRDA:91,8,0,16
BRDA:92,9,0,1
BRDA:92,10,0,0
BRDA:96,11,0,26
BRDA:98,12,0,13
BRDA:98,13,0,16
BRDA:100,14,0,13
BRDA:101,15,0,3
BRDA:105,16,0,10
BRDA:105,17,0,1
BRDA:110,18,0,10
BRDA:111,19,0,11
BRDA:112,20,0,3
BRDA:122,21,0,18
BRDA:125,22,0,2
BRDA:130,23,0,16
BRDA:130,24,0,0
BRDA:130,25,0,16
BRDA:133,26,0,0
BRDA:145,27,0,0
BRDA:152,28,0,3
BRDA:153,29,0,1
BRDA:154,30,0,2
BRDA:120,31,0,26
BRDA:160,32,0,18
BRDA:161,33,0,18
BRDA:169,34,0,1
BRDA:174,35,0,39
BRDA:183,36,0,24
BRDA:186,37,0,1
BRDA:191,38,0,23
BRDA:194,39,0,16
BRDA:194,40,0,16
BRDA:194,41,0,16
BRDA:194,42,0,16
BRDA:194,43,0,0
BRDA:195,44,0,7
BRDA:200,45,0,26
BRDA:202,46,0,29
BRDA:202,47,0,30
BRDA:208,48,0,30
BRDA:209,49,0,0
BRDA:209,50,0,0
BRDA:211,51,0,0
BRDA:211,52,0,0
BRDA:211,53,0,0
BRDA:211,54,0,0
BRDA:211,55,0,0
BRDA:212,56,0,0
BRDA:212,57,0,0
BRDA:212,58,0,0
BRDA:213,59,0,0
BRDA:213,60,0,0
BRDA:214,61,0,0
BRDA:214,62,0,0
BRDA:214,63,0,0
BRDA:216,64,0,14
BRDA:216,65,0,14
BRDA:216,66,0,14
BRDA:216,67,0,14
BRDA:223,68,0,0
BRDA:232,69,0,13
BRDA:233,70,0,6
BRDA:234,71,0,6
BRDA:235,72,0,7
BRDA:235,73,0,0
BRDA:238,74,0,16
BRDA:240,75,0,4
BRDA:241,76,0,12
BRDA:244,77,0,16
BRDA:245,78,0,4
BRDA:246,79,0,4
BRDA:247,80,0,12
BRDA:249,81,0,0
BRDA:252,82,0,12
BRDA:253,83,0,7
BRDA:253,84,0,7
BRDA:253,85,0,5
BRDA:257,86,0,19
BRDA:258,87,0,0
BRDA:260,88,0,0
BRDA:261,89,0,0
BRDA:262,90,0,1
BRDA:265,91,0,18
BRDA:266,92,0,0
BRDA:267,93,0,29
BRDA:270,94,0,39
BRDA:271,95,0,0
BRDA:271,96,0,0
BRDA:271,97,0,29
BRDA:274,98,0,88
BRDA:276,99,0,58
BRDA:276,100,0,58
BRDA:276,101,0,30
BRDA:279,102,0,30
BRDA:280,103,0,0
BRDA:281,104,0,0
BRDA:283,105,0,0
BRDA:297,106,0,30
BRDA:298,107,0,0
BRDA:299,108,0,0
BRDA:300,109,0,0
BRDA:303,110,0,75
BRDA:304,111,0,0
BRDA:305,112,0,1
BRDA:306,113,0,74
BRDA:306,114,0,2
BRDA:307,115,0,72
BRDA:310,116,0,76
BRDA:311,117,0,23
BRDA:311,118,0,75
BRDA:312,119,0,1
BRDA:315,120,0,36
BRDA:316,121,0,0
BRDA:319,122,0,50
BRDA:320,123,0,0
BRDA:323,124,0,39
BRDA:328,125,0,0
BRF:126
BRH:86
end_of_record
TN:
SF:src/services/spicefieldOverrides.js
FN:11,persistSpicefieldOverride
FN:40,readSpicefieldOverrides
FN:52,writeJsonAtomic
FNF:3
FNH:3
FNDA:3,persistSpicefieldOverride
FNDA:3,readSpicefieldOverrides
FNDA:3,writeJsonAtomic
DA:1,1
DA:2,1
DA:3,1
DA:4,1
DA:5,1
DA:6,1
DA:7,1
DA:8,1
DA:9,1
DA:10,1
DA:11,1
DA:12,3
DA:13,3
DA:14,3
DA:15,3
DA:16,3
DA:17,3
DA:18,3
DA:19,3
DA:20,3
DA:21,3
DA:22,3
DA:23,3
DA:24,3
DA:25,3
DA:26,3
DA:27,12
DA:28,12
DA:29,3
DA:30,3
DA:31,3
DA:32,3
DA:33,3
DA:34,3
DA:35,3
DA:36,3
DA:37,3
DA:38,3
DA:39,1
DA:40,1
DA:41,3
DA:42,1
DA:43,3
DA:44,3
DA:45,3
DA:46,3
DA:47,3
DA:48,3
DA:49,3
DA:50,3
DA:51,1
DA:52,3
DA:53,3
DA:54,3
DA:55,3
DA:56,3
DA:57,3
DA:58,3
DA:59,3
DA:60,0
DA:61,0
DA:62,3
LF:62
LH:60
BRDA:1,0,0,1
BRDA:11,1,0,3
BRDA:13,2,0,0
BRDA:15,3,0,0
BRDA:18,4,0,0
BRDA:21,5,0,2
BRDA:22,6,0,2
BRDA:23,7,0,2
BRDA:26,8,0,12
BRDA:40,9,0,3
BRDA:41,10,0,2
BRDA:42,11,0,1
BRDA:43,12,0,1
BRDA:43,13,0,0
BRDA:44,14,0,1
BRDA:44,15,0,1
BRDA:44,16,0,1
BRDA:44,17,0,0
BRDA:46,18,0,0
BRDA:47,19,0,0
BRDA:52,20,0,3
BRDA:59,21,0,0
BRF:22
BRH:14
end_of_record
